[11:52:25]: fastlane detected a Gemfile in the current directory
[11:52:25]: however it seems like you don't use `bundle exec`
[11:52:25]: to launch fastlane faster, please use
[11:52:25]:
[11:52:25]: $ bundle exec fastlane sweep
[11:52:25]:
[11:52:25]: Get started using a Gemfile for fastlane https://docs.fastlane.tools/getting-started/ios/setup/#use-a-gemfile
+-----------------------------+----------------------------+----------------------------------+
|                                        Used plugins                                         |
+-----------------------------+----------------------------+----------------------------------+
| Plugin                      | Version                    | Action                           |
+-----------------------------+----------------------------+----------------------------------+
| fastlane-plugin-test_center | 3.8.0.parallelizing.beta.9 | suppressed_tests suppress_tests  |
|                             |                            | suppress_tests_from_junit        |
|                             |                            | tests_from_xctestrun             |
|                             |                            | quit_core_simulator_service      |
|                             |                            | collate_test_result_bundles      |
|                             |                            | tests_from_junit multi_scan      |
|                             |                            | collate_html_reports             |
|                             |                            | collate_junit_reports            |
|                             |                            | collate_json_reports             |
+-----------------------------+----------------------------+----------------------------------+

[11:52:29]: ------------------------------
[11:52:29]: --- Step: default_platform ---
[11:52:29]: ------------------------------
[11:52:29]: Driving the lane 'ios sweep' ðŸš€
[11:52:29]: ----------------------------------
[11:52:29]: --- Step: rm -rf ./test_output ---
[11:52:29]: ----------------------------------
[11:52:29]: $ rm -rf ./test_output
[11:52:29]: ------------------------
[11:52:29]: --- Step: multi_scan ---
[11:52:29]: ------------------------

+-------------------------+-------------------------------------------------+
|     Summary for multi_scan (test_center v3.8.0.parallelizing.beta.9)      |
+-------------------------+-------------------------------------------------+
| try_count               | 3                                               |
| testrun_completed_block | #<Proc:0x00007fbb487ef4b8@Fastfile:25 (lambda)> |
| invocation_based_tests  | false                                           |
| parallel_testrun_count  | 3                                               |
+-------------------------+-------------------------------------------------+

[11:52:29]: Using deprecated option: '--custom_report_file_name' (Use `--output_files` instead)
[11:52:29]: Using deprecated option: '--custom_report_file_name' (Use `--output_files` instead)
[11:52:29]: $ xcodebuild -showBuildSettings -scheme collate\ errors -project ./collate_errors.xcodeproj

+------------------------------------------------+--------------------------------------------------------------+
|                                           Summary for scan 2.130.0                                            |
+------------------------------------------------+--------------------------------------------------------------+
| fail_build                                     | false                                                        |
| scheme                                         | collate errors                                               |
| result_bundle                                  | true                                                         |
| device                                         | iPhone XÊ€ (12.2)                                             |
| output_directory                               | ./fastlane/test_output                                       |
| output_types                                   | junit,html                                                   |
| buildlog_path                                  | ./fastlane/test_output/                                      |
| code_coverage                                  | true                                                         |
| project                                        | ./collate_errors.xcodeproj                                   |
| skip_detect_devices                            | false                                                        |
| force_quit_simulator                           | false                                                        |
| reset_simulator                                | false                                                        |
| reinstall_app                                  | false                                                        |
| clean                                          | false                                                        |
| open_report                                    | false                                                        |
| include_simulator_logs                         | false                                                        |
| derived_data_path                              | /Users/jdoshi/Documents/Jinesh/ios/code/collate_errors/Deri  |
|                                                | vedData/collate_errors                                       |
| should_zip_build_products                      | false                                                        |
| use_clang_report_name                          | false                                                        |
| disable_concurrent_testing                     | false                                                        |
| skip_build                                     | false                                                        |
| build_for_testing                              | true                                                         |
| slack_use_webhook_configured_username_and_icon | false                                                        |
| slack_username                                 | fastlane                                                     |
| slack_icon_url                                 | https://s3-eu-west-1.amazonaws.com/fastlane.tools/fastlane.  |
|                                                | png                                                          |
| skip_slack                                     | false                                                        |
| slack_only_on_failure                          | false                                                        |
| xcodebuild_command                             | env NSUnbufferedIO=YES xcodebuild                            |
| xcode_path                                     | /Applications/Xcode.app                                      |
+------------------------------------------------+--------------------------------------------------------------+

[11:52:31]: $ set -o pipefail && env NSUnbufferedIO=YES xcodebuild -scheme collate\ errors -project ./collate_errors.xcodeproj -destination 'platform=iOS Simulator,id=14E555D2-6AF9-4675-B020-A53591170BBF' -derivedDataPath '/Users/jdoshi/Documents/Jinesh/ios/code/collate_errors/DerivedData/collate_errors' -resultBundlePath './fastlane/test_output/collate errors.test_result' -enableCodeCoverage YES build-for-testing | tee '/Users/jdoshi/Documents/Jinesh/ios/code/collate_errors/fastlane/test_output/collate_errors-collate errors.log' | xcpretty  --report junit --output '/Users/jdoshi/Documents/Jinesh/ios/code/collate_errors/fastlane/test_output/report.junit' --report html --output '/Users/jdoshi/Documents/Jinesh/ios/code/collate_errors/fastlane/test_output/report.html' --report junit --output '/var/folders/_v/385bsl711hj8mg07gcv518y80000gn/T/junit_report20190830-44678-1ra0paq'
[11:52:31]: â–¸ Loading...
[11:52:33]: â–¸ Compiling ViewController.swift
[11:52:34]: â–¸ Compiling AppDelegate.swift
[11:52:34]: â–¸ Linking collate_errors
[11:52:35]: â–¸ Compiling collate_errorsUITests2.swift
[11:52:35]: â–¸ Compiling collate_errorsUITests1.swift
[11:52:35]: â–¸ Compiling collate_errorsUITests3.swift
[11:52:35]: â–¸ Processing Info.plist
[11:52:35]: â–¸ Processing Info.plist
[11:52:35]: â–¸ Linking collate_errorsUITests
[11:52:36]: â–¸ Test build Succeeded
+--------------------+---+
|      Test Results      |
+--------------------+---+
| Number of tests    | 0 |
| Number of failures | 0 |
+--------------------+---+

[11:53:04]: Starting test run 1
[11:53:04]: Starting test run 2
[11:53:04]: Starting test run 3
[worker 1] [11:53:06]: Starting scan #1 with 10 tests for batch #1.
[worker 1]
[worker 1] +--------------------------------------+--------------------------------------+
[worker 1] |                          Summary for scan 2.130.0                           |
[worker 1] +--------------------------------------+--------------------------------------+
[worker 1] | fail_build                           | false                                |
[worker 1] | scheme                               | collate errors                       |
[worker 1] | result_bundle                        | true                                 |
[worker 1] | output_directory                     | /Users/jdoshi/Documents/Jinesh/ios/  |
[worker 1] |                                      | code/collate_errors/fastlane/test_o  |
[worker 1] |                                      | utput/collate_errorsUITests-batch-1  |
[worker 1] | output_types                         | junit,html                           |
[worker 1] | buildlog_path                        | ./fastlane/test_output//worker-1-lo  |
[worker 1] |                                      | gs                                   |
[worker 1] | code_coverage                        | true                                 |
[worker 1] | project                              | ./collate_errors.xcodeproj           |
[worker 1] | skip_detect_devices                  | false                                |
[worker 1] | force_quit_simulator                 | false                                |
[worker 1] | reset_simulator                      | false                                |
[worker 1] | reinstall_app                        | false                                |
[worker 1] | only_testing                         | ["collate_errorsUITests/collate_err  |
[worker 1] |                                      | orsUITests1/testExample1",           |
[worker 1] |                                      | "collate_errorsUITests/collate_erro  |
[worker 1] |                                      | rsUITests1/testExample2",            |
[worker 1] |                                      | "collate_errorsUITests/collate_erro  |
[worker 1] |                                      | rsUITests1/testExample3",            |
[worker 1] |                                      | "collate_errorsUITests/collate_erro  |
[worker 1] |                                      | rsUITests1/testExample4",            |
[worker 1] |                                      | "collate_errorsUITests/collate_erro  |
[worker 1] |                                      | rsUITests1/testExample5",            |
[worker 1] |                                      | "collate_errorsUITests/collate_erro  |
[worker 1] |                                      | rsUITests1/testExample6",            |
[worker 1] |                                      | "collate_errorsUITests/collate_erro  |
[worker 1] |                                      | rsUITests1/testExample7",            |
[worker 1] |                                      | "collate_errorsUITests/collate_erro  |
[worker 1] |                                      | rsUITests1/testExample8",            |
[worker 1] |                                      | "collate_errorsUITests/collate_erro  |
[worker 1] |                                      | rsUITests1/testExample9",            |
[worker 1] |                                      | "collate_errorsUITests/collate_erro  |
[worker 1] |                                      | rsUITests1/testExample10"]           |
[worker 1] | xctestrun                            | /Users/jdoshi/Documents/Jinesh/ios/  |
[worker 1] |                                      | code/collate_errors/DerivedData/col  |
[worker 1] |                                      | late_errors/Build/Products/collate   |
[worker 1] |                                      | errors_iphonesimulator12.2-x86_64.x  |
[worker 1] |                                      | ctestrun                             |
[worker 1] | clean                                | false                                |
[worker 1] | open_report                          | false                                |
[worker 1] | output_files                         | report.junit,report.html             |
[worker 1] | include_simulator_logs               | false                                |
[worker 1] | derived_data_path                    | /var/folders/_v/385bsl711hj8mg07gcv  |
[worker 1] |                                      | 518y80000gn/T/derived_data_path2019  |
[worker 1] |                                      | 0830-44678-pm174t-worker-1           |
[worker 1] | should_zip_build_products            | false                                |
[worker 1] | use_clang_report_name                | false                                |
[worker 1] | disable_concurrent_testing           | true                                 |
[worker 1] | skip_build                           | false                                |
[worker 1] | xcargs                               |  -parallel-testing-enabled NO        |
[worker 1] | slack_use_webhook_configured_userna  | false                                |
[worker 1] | me_and_icon                          |                                      |
[worker 1] | slack_username                       | fastlane                             |
[worker 1] | slack_icon_url                       | https://s3-eu-west-1.amazonaws.com/  |
[worker 1] |                                      | fastlane.tools/fastlane.png          |
[worker 1] | skip_slack                           | false                                |
[worker 1] | slack_only_on_failure                | false                                |
[worker 1] | xcodebuild_command                   | env NSUnbufferedIO=YES xcodebuild    |
[worker 1] | xcode_path                           | /Applications/Xcode.app              |
[worker 1] +--------------------------------------+--------------------------------------+
[worker 1]
[worker 1] [11:53:06]: $ set -o pipefail && env NSUnbufferedIO=YES xcodebuild -destination 'platform=iOS Simulator,id=9BFF8A73-B241-43F3-AD33-8A4E95818A9C' -derivedDataPath '/var/folders/_v/385bsl711hj8mg07gcv518y80000gn/T/derived_data_path20190830-44678-pm174t-worker-1' -resultBundlePath '/Users/jdoshi/Documents/Jinesh/ios/code/collate_errors/fastlane/test_output/collate_errorsUITests-batch-1/collate errors.test_result' -disable-concurrent-testing -enableCodeCoverage YES -xctestrun '/Users/jdoshi/Documents/Jinesh/ios/code/collate_errors/DerivedData/collate_errors/Build/Products/collate errors_iphonesimulator12.2-x86_64.xctestrun'  -parallel-testing-enabled NO -only-testing:collate_errorsUITests/collate_errorsUITests1/testExample1 -only-testing:collate_errorsUITests/collate_errorsUITests1/testExample2 -only-testing:collate_errorsUITests/collate_errorsUITests1/testExample3 -only-testing:collate_errorsUITests/collate_errorsUITests1/testExample4 -only-testing:collate_errorsUITests/collate_errorsUITests1/testExample5 -only-testing:collate_errorsUITests/collate_errorsUITests1/testExample6 -only-testing:collate_errorsUITests/collate_errorsUITests1/testExample7 -only-testing:collate_errorsUITests/collate_errorsUITests1/testExample8 -only-testing:collate_errorsUITests/collate_errorsUITests1/testExample9 -only-testing:collate_errorsUITests/collate_errorsUITests1/testExample10 test-without-building | tee '/Users/jdoshi/Documents/Jinesh/ios/code/collate_errors/fastlane/test_output/worker-1-logs/collate_errors-collate errors.log' | xcpretty  --report junit --output '/Users/jdoshi/Documents/Jinesh/ios/code/collate_errors/fastlane/test_output/collate_errorsUITests-batch-1/report.junit' --report html --output '/Users/jdoshi/Documents/Jinesh/ios/code/collate_errors/fastlane/test_output/collate_errorsUITests-batch-1/report.html' --report junit --output '/var/folders/_v/385bsl711hj8mg07gcv518y80000gn/T/junit_report20190830-44952-1x8q2na'
[worker 1] [11:53:06]: â–¸ Loading...
[worker 1] [11:53:10]: â–¸ 2019-08-30 11:53:10.770 xcodebuild[44980:7475394] [MT] IDETestOperationsObserverDebug: (C1F5C6FF-81BA-4B29-97FD-74EFCBBF2035) Beginning test session collate_errorsUITests-C1F5C6FF-81BA-4B29-97FD-74EFCBBF2035 at 2019-08-30 11:53:10.770 with Xcode 10E1001 on target <DVTiPhoneSimulator: 0x7fe0117b8140> {
[worker 1] [11:53:10]: â–¸ 		SimDevice: iPhone XÊ€ Clone 1 TestCenter::Helper::MultiScanManager::SimulatorHelper<70221175503840> (9BFF8A73-B241-43F3-AD33-8A4E95818A9C, iOS 12.2, Booted)
[worker 1] [11:53:10]: â–¸ } (12.2 (16E226))
[worker 1] [11:53:10]: â–¸ 2019-08-30 11:53:10.770 xcodebuild[44980:7475610]  IDETestOperationsObserverDebug: Writing diagnostic log for test session to:
[worker 1] [11:53:10]: â–¸ /Users/jdoshi/Documents/Jinesh/ios/code/collate_errors/fastlane/test_output/collate_errorsUITests-batch-1/collate errors.test_result/1_Test/Diagnostics/collate_errorsUITests-A99E0543-32A9-43BA-9A79-D5E0C1C50487/collate_errorsUITests-E8274A2B-F373-4045-8BAC-04CA33E90502/Session-collate_errorsUITests-2019-08-30_115310-OjJH0K.log
[worker 1] [11:54:50]: â–¸ 2019-08-30 11:54:50.367 xcodebuild[44980:7475394] [MT] IDETestOperationsObserverDebug: (C1F5C6FF-81BA-4B29-97FD-74EFCBBF2035) Finished requesting crash reports. Continuing with testing.
[worker 1] [11:54:56]: â–¸ Selected tests
[worker 1] [11:54:56]: â–¸ Test Suite collate_errorsUITests.xctest started
[worker 1] [11:54:56]: â–¸ collate_errorsUITests1
[worker 1] [11:55:12]: â–¸     âœ“ testExample1 (16.176 seconds)
[worker 1] [11:55:18]: â–¸     âœ— testExample10, XCTAssertTrue failed
[worker 1] [11:55:28]: â–¸     âœ“ testExample2 (8.774 seconds)
[worker 1] [11:55:32]: â–¸     âœ— testExample3, XCTAssertTrue failed
[worker 1] [11:55:40]: â–¸     âœ— testExample4, XCTAssertTrue failed
[worker 1] [11:55:49]: â–¸     âœ“ testExample5 (7.862 seconds)
[worker 1] [11:55:53]: â–¸     âœ— testExample6, XCTAssertTrue failed
[worker 1] [11:56:00]: â–¸     âœ— testExample7, XCTAssertTrue failed
[worker 1] [11:56:06]: â–¸     âœ— testExample8, XCTAssertTrue failed
[worker 1] [11:56:13]: â–¸     âœ“ testExample9 (6.150 seconds)
[worker 1] [11:56:14]: â–¸ collate_errorsUITests.collate_errorsUITests1
[worker 1] [11:56:14]: â–¸   testExample10, XCTAssertTrue failed
[worker 1] [11:56:14]: â–¸   collate_errorsUITests1.swift:125
[worker 1] [11:56:14]: â–¸   testExample3, XCTAssertTrue failed
[worker 1] [11:56:14]: â–¸   collate_errorsUITests1.swift:55
[worker 1] [11:56:14]: â–¸   testExample4, XCTAssertTrue failed
[worker 1] [11:56:14]: â–¸   collate_errorsUITests1.swift:65
[worker 1] [11:56:14]: â–¸   testExample6, XCTAssertTrue failed
[worker 1] [11:56:14]: â–¸   collate_errorsUITests1.swift:85
[worker 1] [11:56:14]: â–¸   testExample7, XCTAssertTrue failed
[worker 1] [11:56:14]: â–¸   collate_errorsUITests1.swift:95
[worker 1] [11:56:14]: â–¸   testExample8, XCTAssertTrue failed
[worker 1] [11:56:14]: â–¸   collate_errorsUITests1.swift:105
[worker 1] [11:56:14]: â–¸ [31m	 Executed 10 tests, with 6 failures (0 unexpected) in 77.454 (77.461) seconds
[worker 1] [11:56:14]: â–¸ [0m
[worker 1] [11:56:56]: â–¸ 2019-08-30 11:56:56.665 xcodebuild[44980:7475394] [MT] IDETestOperationsObserverDebug: 225.949 elapsed -- Testing started completed.
[worker 1] [11:56:56]: â–¸ 2019-08-30 11:56:56.665 xcodebuild[44980:7475394] [MT] IDETestOperationsObserverDebug: 0.000 sec, +0.000 sec -- start
[worker 1] [11:56:56]: â–¸ 2019-08-30 11:56:56.665 xcodebuild[44980:7475394] [MT] IDETestOperationsObserverDebug: 225.949 sec, +225.949 sec -- end
[worker 1] [11:56:56]: â–¸ Failing tests:
[worker 1] [11:56:56]: â–¸ 	collate_errorsUITests:
[worker 1] [11:56:56]: â–¸ 		collate_errorsUITests1.testExample10()
[worker 1] [11:56:56]: â–¸ 		collate_errorsUITests1.testExample3()
[worker 1] [11:56:56]: â–¸ 		collate_errorsUITests1.testExample4()
[worker 1] [11:56:56]: â–¸ 		collate_errorsUITests1.testExample6()
[worker 1] [11:56:56]: â–¸ 		collate_errorsUITests1.testExample7()
[worker 1] [11:56:56]: â–¸ 		collate_errorsUITests1.testExample8()
[worker 1] [11:56:56]: â–¸ Test session results and logs:
[worker 1] [11:56:56]: â–¸ 	/Users/jdoshi/Documents/Jinesh/ios/code/collate_errors/fastlane/test_output/collate_errorsUITests-batch-1/collate errors.test_result
[worker 1] [11:56:56]: â–¸ ** TEST EXECUTE FAILED **
[worker 1] 2019-08-30 11:53:10.770 xcodebuild[44980:7475394] [MT] IDETestOperationsObserverDebug: (C1F5C6FF-81BA-4B29-97FD-74EFCBBF2035) Beginning test session collate_errorsUITests-C1F5C6FF-81BA-4B29-97FD-74EFCBBF2035 at 2019-08-30 11:53:10.770 with Xcode 10E1001 on target <DVTiPhoneSimulator: 0x7fe0117b8140> {
[worker 1] 		SimDevice: iPhone XÊ€ Clone 1 TestCenter::Helper::MultiScanManager::SimulatorHelper<70221175503840> (9BFF8A73-B241-43F3-AD33-8A4E95818A9C, iOS 12.2, Booted)
[worker 1] } (12.2 (16E226))
[worker 1] 2019-08-30 11:53:10.770 xcodebuild[44980:7475610]  IDETestOperationsObserverDebug: Writing diagnostic log for test session to:
[worker 1] /Users/jdoshi/Documents/Jinesh/ios/code/collate_errors/fastlane/test_output/collate_errorsUITests-batch-1/collate errors.test_result/1_Test/Diagnostics/collate_errorsUITests-A99E0543-32A9-43BA-9A79-D5E0C1C50487/collate_errorsUITests-E8274A2B-F373-4045-8BAC-04CA33E90502/Session-collate_errorsUITests-2019-08-30_115310-OjJH0K.log
[worker 1] 2019-08-30 11:54:50.367 xcodebuild[44980:7475394] [MT] IDETestOperationsObserverDebug: (C1F5C6FF-81BA-4B29-97FD-74EFCBBF2035) Finished requesting crash reports. Continuing with testing.
[worker 1] Selected tests
[worker 1] Test Suite collate_errorsUITests.xctest started
[worker 1] collate_errorsUITests1
[worker 1]     âœ“ testExample1 (16.176 seconds)
[worker 1]     âœ— testExample10, XCTAssertTrue failed
[worker 1]     âœ“ testExample2 (8.774 seconds)
[worker 1]     âœ— testExample3, XCTAssertTrue failed
[worker 1]     âœ— testExample4, XCTAssertTrue failed
[worker 1]     âœ“ testExample5 (7.862 seconds)
[worker 1]     âœ— testExample6, XCTAssertTrue failed
[worker 1]     âœ— testExample7, XCTAssertTrue failed
[worker 1]     âœ— testExample8, XCTAssertTrue failed
[worker 1]     âœ“ testExample9 (6.150 seconds)
[worker 1]
[worker 1]
[worker 1] collate_errorsUITests.collate_errorsUITests1
[worker 1]   testExample10, XCTAssertTrue failed
[worker 1]   collate_errorsUITests1.swift:125
[worker 1]
[worker 1]   testExample3, XCTAssertTrue failed
[worker 1]   collate_errorsUITests1.swift:55
[worker 1]
[worker 1]   testExample4, XCTAssertTrue failed
[worker 1]   collate_errorsUITests1.swift:65
[worker 1]
[worker 1]   testExample6, XCTAssertTrue failed
[worker 1]   collate_errorsUITests1.swift:85
[worker 1]
[worker 1]   testExample7, XCTAssertTrue failed
[worker 1]   collate_errorsUITests1.swift:95
[worker 1]
[worker 1]   testExample8, XCTAssertTrue failed
[worker 1]   collate_errorsUITests1.swift:105
[worker 1]
[worker 1]
[worker 1] 	 Executed 10 tests, with 6 failures (0 unexpected) in 77.454 (77.461) seconds
[worker 1]
[worker 1] 2019-08-30 11:56:56.665 xcodebuild[44980:7475394] [MT] IDETestOperationsObserverDebug: 225.949 elapsed -- Testing started completed.
[worker 1] 2019-08-30 11:56:56.665 xcodebuild[44980:7475394] [MT] IDETestOperationsObserverDebug: 0.000 sec, +0.000 sec -- start
[worker 1] 2019-08-30 11:56:56.665 xcodebuild[44980:7475394] [MT] IDETestOperationsObserverDebug: 225.949 sec, +225.949 sec -- end
[worker 1]
[worker 1] Failing tests:
[worker 1] 	collate_errorsUITests:
[worker 1] 		collate_errorsUITests1.testExample10()
[worker 1] 		collate_errorsUITests1.testExample3()
[worker 1] 		collate_errorsUITests1.testExample4()
[worker 1] 		collate_errorsUITests1.testExample6()
[worker 1] 		collate_errorsUITests1.testExample7()
[worker 1] 		collate_errorsUITests1.testExample8()
[worker 1]
[worker 1] Test session results and logs:
[worker 1] 	/Users/jdoshi/Documents/Jinesh/ios/code/collate_errors/fastlane/test_output/collate_errorsUITests-batch-1/collate errors.test_result
[worker 1]
[worker 1] ** TEST EXECUTE FAILED **
[worker 1] [11:56:57]: Exit status: 65
[worker 1] +--------------------+----+
[worker 1] |      Test Results       |
[worker 1] +--------------------+----+
[worker 1] | Number of tests    | 10 |
[worker 1] | Number of failures | 6  |
[worker 1] +--------------------+----+
[worker 1]
[worker 1] [11:56:57]: The run of tests would finish with failures due to fragile tests here.
[worker 1] [11:56:57]: --------------------------------------------------------------------
[worker 1] [11:56:57]: Since we are using :multi_scan, we can re-run just those failing tests!
[worker 1] [11:56:57]: --------------------------------------------------------------------
[worker 1] [11:56:58]: Starting scan #2 with 6 tests for batch #1.
[worker 1]
[worker 1] +--------------------------------------+--------------------------------------+
[worker 1] |                          Summary for scan 2.130.0                           |
[worker 1] +--------------------------------------+--------------------------------------+
[worker 1] | fail_build                           | false                                |
[worker 1] | scheme                               | collate errors                       |
[worker 1] | result_bundle                        | true                                 |
[worker 1] | output_directory                     | /Users/jdoshi/Documents/Jinesh/ios/  |
[worker 1] |                                      | code/collate_errors/fastlane/test_o  |
[worker 1] |                                      | utput/collate_errorsUITests-batch-1  |
[worker 1] | output_types                         | junit,html                           |
[worker 1] | buildlog_path                        | ./fastlane/test_output//worker-1-lo  |
[worker 1] |                                      | gs                                   |
[worker 1] | code_coverage                        | true                                 |
[worker 1] | project                              | ./collate_errors.xcodeproj           |
[worker 1] | skip_detect_devices                  | false                                |
[worker 1] | force_quit_simulator                 | false                                |
[worker 1] | reset_simulator                      | false                                |
[worker 1] | reinstall_app                        | false                                |
[worker 1] | only_testing                         | ["collate_errorsUITests/collate_err  |
[worker 1] |                                      | orsUITests1/testExample10",          |
[worker 1] |                                      | "collate_errorsUITests/collate_erro  |
[worker 1] |                                      | rsUITests1/testExample3",            |
[worker 1] |                                      | "collate_errorsUITests/collate_erro  |
[worker 1] |                                      | rsUITests1/testExample4",            |
[worker 1] |                                      | "collate_errorsUITests/collate_erro  |
[worker 1] |                                      | rsUITests1/testExample6",            |
[worker 1] |                                      | "collate_errorsUITests/collate_erro  |
[worker 1] |                                      | rsUITests1/testExample7",            |
[worker 1] |                                      | "collate_errorsUITests/collate_erro  |
[worker 1] |                                      | rsUITests1/testExample8"]            |
[worker 1] | xctestrun                            | /Users/jdoshi/Documents/Jinesh/ios/  |
[worker 1] |                                      | code/collate_errors/DerivedData/col  |
[worker 1] |                                      | late_errors/Build/Products/collate   |
[worker 1] |                                      | errors_iphonesimulator12.2-x86_64.x  |
[worker 1] |                                      | ctestrun                             |
[worker 1] | clean                                | false                                |
[worker 1] | open_report                          | false                                |
[worker 1] | output_files                         | report-2.junit,report-2.html         |
[worker 1] | include_simulator_logs               | false                                |
[worker 1] | derived_data_path                    | /var/folders/_v/385bsl711hj8mg07gcv  |
[worker 1] |                                      | 518y80000gn/T/derived_data_path2019  |
[worker 1] |                                      | 0830-44678-pm174t-worker-1           |
[worker 1] | should_zip_build_products            | false                                |
[worker 1] | use_clang_report_name                | false                                |
[worker 1] | disable_concurrent_testing           | true                                 |
[worker 1] | skip_build                           | false                                |
[worker 1] | xcargs                               |  -parallel-testing-enabled NO        |
[worker 1] | slack_use_webhook_configured_userna  | false                                |
[worker 1] | me_and_icon                          |                                      |
[worker 1] | slack_username                       | fastlane                             |
[worker 1] | slack_icon_url                       | https://s3-eu-west-1.amazonaws.com/  |
[worker 1] |                                      | fastlane.tools/fastlane.png          |
[worker 1] | skip_slack                           | false                                |
[worker 1] | slack_only_on_failure                | false                                |
[worker 1] | xcodebuild_command                   | env NSUnbufferedIO=YES xcodebuild    |
[worker 1] | xcode_path                           | /Applications/Xcode.app              |
[worker 1] +--------------------------------------+--------------------------------------+
[worker 1]
[worker 1] [11:56:59]: $ set -o pipefail && env NSUnbufferedIO=YES xcodebuild -destination 'platform=iOS Simulator,id=9BFF8A73-B241-43F3-AD33-8A4E95818A9C' -derivedDataPath '/var/folders/_v/385bsl711hj8mg07gcv518y80000gn/T/derived_data_path20190830-44678-pm174t-worker-1' -resultBundlePath '/Users/jdoshi/Documents/Jinesh/ios/code/collate_errors/fastlane/test_output/collate_errorsUITests-batch-1/collate errors.test_result' -disable-concurrent-testing -enableCodeCoverage YES -xctestrun '/Users/jdoshi/Documents/Jinesh/ios/code/collate_errors/DerivedData/collate_errors/Build/Products/collate errors_iphonesimulator12.2-x86_64.xctestrun'  -parallel-testing-enabled NO -only-testing:collate_errorsUITests/collate_errorsUITests1/testExample10 -only-testing:collate_errorsUITests/collate_errorsUITests1/testExample3 -only-testing:collate_errorsUITests/collate_errorsUITests1/testExample4 -only-testing:collate_errorsUITests/collate_errorsUITests1/testExample6 -only-testing:collate_errorsUITests/collate_errorsUITests1/testExample7 -only-testing:collate_errorsUITests/collate_errorsUITests1/testExample8 test-without-building | tee '/Users/jdoshi/Documents/Jinesh/ios/code/collate_errors/fastlane/test_output/worker-1-logs/collate_errors-collate errors.log' | xcpretty  --report junit --output '/Users/jdoshi/Documents/Jinesh/ios/code/collate_errors/fastlane/test_output/collate_errorsUITests-batch-1/report-2.junit' --report html --output '/Users/jdoshi/Documents/Jinesh/ios/code/collate_errors/fastlane/test_output/collate_errorsUITests-batch-1/report-2.html' --report junit --output '/var/folders/_v/385bsl711hj8mg07gcv518y80000gn/T/junit_report20190830-44952-xse13i'
[worker 1] [11:56:59]: â–¸ Loading...
[worker 1] [11:57:05]: â–¸ 2019-08-30 11:57:05.633 xcodebuild[45387:7484301]  IDETestOperationsObserverDebug: Writing diagnostic log for test session to:
[worker 1] [11:57:05]: â–¸ /Users/jdoshi/Documents/Jinesh/ios/code/collate_errors/fastlane/test_output/collate_errorsUITests-batch-1/collate errors.test_result/1_Test/Diagnostics/collate_errorsUITests-740DCF92-DB46-4394-BEFA-642EA4F13499/collate_errorsUITests-95405A82-1C71-4F59-8741-D40A08D85ECA/Session-collate_errorsUITests-2019-08-30_115705-wvaCeS.log
[worker 1] [11:57:05]: â–¸ 2019-08-30 11:57:05.647 xcodebuild[45387:7484001] [MT] IDETestOperationsObserverDebug: (30EC804E-D05A-484E-94D3-A38F05296CC2) Beginning test session collate_errorsUITests-30EC804E-D05A-484E-94D3-A38F05296CC2 at 2019-08-30 11:57:05.638 with Xcode 10E1001 on target <DVTiPhoneSimulator: 0x7f9287153f60> {
[worker 1] [11:57:05]: â–¸ 		SimDevice: iPhone XÊ€ Clone 1 TestCenter::Helper::MultiScanManager::SimulatorHelper<70221175503840> (9BFF8A73-B241-43F3-AD33-8A4E95818A9C, iOS 12.2, Booted)
[worker 1] [11:57:05]: â–¸ } (12.2 (16E226))
[worker 1] [11:57:09]: â–¸ 2019-08-30 11:57:09.076 xcodebuild[45387:7484001] [MT] IDETestOperationsObserverDebug: (30EC804E-D05A-484E-94D3-A38F05296CC2) Finished requesting crash reports. Continuing with testing.
[worker 1] [11:57:12]: â–¸ Selected tests
[worker 1] [11:57:12]: â–¸ Test Suite collate_errorsUITests.xctest started
[worker 1] [11:57:12]: â–¸ collate_errorsUITests1
[worker 1] [11:57:24]: â–¸     âœ“ testExample10 (12.176 seconds)
[worker 1] [11:57:28]: â–¸     âœ— testExample3, XCTAssertTrue failed
[worker 1] [11:57:35]: â–¸     âœ“ testExample4 (5.421 seconds)
[worker 1] [11:57:40]: â–¸     âœ— testExample6, XCTAssertTrue failed
[worker 1] [11:57:46]: â–¸     âœ— testExample7, XCTAssertTrue failed
[worker 1] [11:57:51]: â–¸     âœ— testExample8, XCTAssertTrue failed
[worker 1] [11:57:53]: â–¸ collate_errorsUITests.collate_errorsUITests1
[worker 1] [11:57:53]: â–¸   testExample3, XCTAssertTrue failed
[worker 1] [11:57:53]: â–¸   collate_errorsUITests1.swift:55
[worker 1] [11:57:53]: â–¸   testExample6, XCTAssertTrue failed
[worker 1] [11:57:53]: â–¸   collate_errorsUITests1.swift:85
[worker 1] [11:57:53]: â–¸   testExample7, XCTAssertTrue failed
[worker 1] [11:57:53]: â–¸   collate_errorsUITests1.swift:95
[worker 1] [11:57:53]: â–¸   testExample8, XCTAssertTrue failed
[worker 1] [11:57:53]: â–¸   collate_errorsUITests1.swift:105
[worker 1] [11:57:53]: â–¸ [31m	 Executed 6 tests, with 4 failures (0 unexpected) in 40.924 (40.930) seconds
[worker 1] [11:57:53]: â–¸ [0m
[worker 1] [11:58:28]: â–¸ 2019-08-30 11:58:28.519 xcodebuild[45387:7484001] [MT] IDETestOperationsObserverDebug: 82.958 elapsed -- Testing started completed.
[worker 1] [11:58:28]: â–¸ 2019-08-30 11:58:28.519 xcodebuild[45387:7484001] [MT] IDETestOperationsObserverDebug: 0.000 sec, +0.000 sec -- start
[worker 1] [11:58:28]: â–¸ 2019-08-30 11:58:28.519 xcodebuild[45387:7484001] [MT] IDETestOperationsObserverDebug: 82.958 sec, +82.958 sec -- end
[worker 1] [11:58:28]: â–¸ Failing tests:
[worker 1] [11:58:28]: â–¸ 	collate_errorsUITests:
[worker 1] [11:58:28]: â–¸ 		collate_errorsUITests1.testExample3()
[worker 1] [11:58:28]: â–¸ 		collate_errorsUITests1.testExample6()
[worker 1] [11:58:28]: â–¸ 		collate_errorsUITests1.testExample7()
[worker 1] [11:58:28]: â–¸ 		collate_errorsUITests1.testExample8()
[worker 1] [11:58:28]: â–¸ Test session results and logs:
[worker 1] [11:58:28]: â–¸ 	/Users/jdoshi/Documents/Jinesh/ios/code/collate_errors/fastlane/test_output/collate_errorsUITests-batch-1/collate errors.test_result
[worker 1] [11:58:28]: â–¸ ** TEST EXECUTE FAILED **
[worker 1] 2019-08-30 11:57:05.633 xcodebuild[45387:7484301]  IDETestOperationsObserverDebug: Writing diagnostic log for test session to:
[worker 1] /Users/jdoshi/Documents/Jinesh/ios/code/collate_errors/fastlane/test_output/collate_errorsUITests-batch-1/collate errors.test_result/1_Test/Diagnostics/collate_errorsUITests-740DCF92-DB46-4394-BEFA-642EA4F13499/collate_errorsUITests-95405A82-1C71-4F59-8741-D40A08D85ECA/Session-collate_errorsUITests-2019-08-30_115705-wvaCeS.log
[worker 1] 2019-08-30 11:57:05.647 xcodebuild[45387:7484001] [MT] IDETestOperationsObserverDebug: (30EC804E-D05A-484E-94D3-A38F05296CC2) Beginning test session collate_errorsUITests-30EC804E-D05A-484E-94D3-A38F05296CC2 at 2019-08-30 11:57:05.638 with Xcode 10E1001 on target <DVTiPhoneSimulator: 0x7f9287153f60> {
[worker 1] 		SimDevice: iPhone XÊ€ Clone 1 TestCenter::Helper::MultiScanManager::SimulatorHelper<70221175503840> (9BFF8A73-B241-43F3-AD33-8A4E95818A9C, iOS 12.2, Booted)
[worker 1] } (12.2 (16E226))
[worker 1] 2019-08-30 11:57:09.076 xcodebuild[45387:7484001] [MT] IDETestOperationsObserverDebug: (30EC804E-D05A-484E-94D3-A38F05296CC2) Finished requesting crash reports. Continuing with testing.
[worker 1] Selected tests
[worker 1] Test Suite collate_errorsUITests.xctest started
[worker 1] collate_errorsUITests1
[worker 1]     âœ“ testExample10 (12.176 seconds)
[worker 1]     âœ— testExample3, XCTAssertTrue failed
[worker 1]     âœ“ testExample4 (5.421 seconds)
[worker 1]     âœ— testExample6, XCTAssertTrue failed
[worker 1]     âœ— testExample7, XCTAssertTrue failed
[worker 1]     âœ— testExample8, XCTAssertTrue failed
[worker 1]
[worker 1]
[worker 1] collate_errorsUITests.collate_errorsUITests1
[worker 1]   testExample3, XCTAssertTrue failed
[worker 1]   collate_errorsUITests1.swift:55
[worker 1]
[worker 1]   testExample6, XCTAssertTrue failed
[worker 1]   collate_errorsUITests1.swift:85
[worker 1]
[worker 1]   testExample7, XCTAssertTrue failed
[worker 1]   collate_errorsUITests1.swift:95
[worker 1]
[worker 1]   testExample8, XCTAssertTrue failed
[worker 1]   collate_errorsUITests1.swift:105
[worker 1]
[worker 1]
[worker 1] 	 Executed 6 tests, with 4 failures (0 unexpected) in 40.924 (40.930) seconds
[worker 1]
[worker 1] 2019-08-30 11:58:28.519 xcodebuild[45387:7484001] [MT] IDETestOperationsObserverDebug: 82.958 elapsed -- Testing started completed.
[worker 1] 2019-08-30 11:58:28.519 xcodebuild[45387:7484001] [MT] IDETestOperationsObserverDebug: 0.000 sec, +0.000 sec -- start
[worker 1] 2019-08-30 11:58:28.519 xcodebuild[45387:7484001] [MT] IDETestOperationsObserverDebug: 82.958 sec, +82.958 sec -- end
[worker 1]
[worker 1] Failing tests:
[worker 1] 	collate_errorsUITests:
[worker 1] 		collate_errorsUITests1.testExample3()
[worker 1] 		collate_errorsUITests1.testExample6()
[worker 1] 		collate_errorsUITests1.testExample7()
[worker 1] 		collate_errorsUITests1.testExample8()
[worker 1]
[worker 1] Test session results and logs:
[worker 1] 	/Users/jdoshi/Documents/Jinesh/ios/code/collate_errors/fastlane/test_output/collate_errorsUITests-batch-1/collate errors.test_result
[worker 1]
[worker 1] ** TEST EXECUTE FAILED **
[worker 1] [11:58:28]: Exit status: 65
[worker 1] +--------------------+---+
[worker 1] |      Test Results      |
[worker 1] +--------------------+---+
[worker 1] | Number of tests    | 6 |
[worker 1] | Number of failures | 4 |
[worker 1] +--------------------+---+
[worker 1]
[worker 1] [11:58:28]: The run of tests would finish with failures due to fragile tests here.
[worker 1] [11:58:28]: --------------------------------------------------------------------
[worker 1] [11:58:28]: Since we are using :multi_scan, we can re-run just those failing tests!
[worker 1] [11:58:28]: --------------------------------------------------------------------
[worker 1] [11:58:30]: Starting scan #3 with 4 tests for batch #1.
[worker 1]
[worker 1] +--------------------------------------+--------------------------------------+
[worker 1] |                          Summary for scan 2.130.0                           |
[worker 1] +--------------------------------------+--------------------------------------+
[worker 1] | fail_build                           | false                                |
[worker 1] | scheme                               | collate errors                       |
[worker 1] | result_bundle                        | true                                 |
[worker 1] | output_directory                     | /Users/jdoshi/Documents/Jinesh/ios/  |
[worker 1] |                                      | code/collate_errors/fastlane/test_o  |
[worker 1] |                                      | utput/collate_errorsUITests-batch-1  |
[worker 1] | output_types                         | junit,html                           |
[worker 1] | buildlog_path                        | ./fastlane/test_output//worker-1-lo  |
[worker 1] |                                      | gs                                   |
[worker 1] | code_coverage                        | true                                 |
[worker 1] | project                              | ./collate_errors.xcodeproj           |
[worker 1] | skip_detect_devices                  | false                                |
[worker 1] | force_quit_simulator                 | false                                |
[worker 1] | reset_simulator                      | false                                |
[worker 1] | reinstall_app                        | false                                |
[worker 1] | only_testing                         | ["collate_errorsUITests/collate_err  |
[worker 1] |                                      | orsUITests1/testExample3",           |
[worker 1] |                                      | "collate_errorsUITests/collate_erro  |
[worker 1] |                                      | rsUITests1/testExample6",            |
[worker 1] |                                      | "collate_errorsUITests/collate_erro  |
[worker 1] |                                      | rsUITests1/testExample7",            |
[worker 1] |                                      | "collate_errorsUITests/collate_erro  |
[worker 1] |                                      | rsUITests1/testExample8"]            |
[worker 1] | xctestrun                            | /Users/jdoshi/Documents/Jinesh/ios/  |
[worker 1] |                                      | code/collate_errors/DerivedData/col  |
[worker 1] |                                      | late_errors/Build/Products/collate   |
[worker 1] |                                      | errors_iphonesimulator12.2-x86_64.x  |
[worker 1] |                                      | ctestrun                             |
[worker 1] | clean                                | false                                |
[worker 1] | open_report                          | false                                |
[worker 1] | output_files                         | report-3.junit,report-3.html         |
[worker 1] | include_simulator_logs               | false                                |
[worker 1] | derived_data_path                    | /var/folders/_v/385bsl711hj8mg07gcv  |
[worker 1] |                                      | 518y80000gn/T/derived_data_path2019  |
[worker 1] |                                      | 0830-44678-pm174t-worker-1           |
[worker 1] | should_zip_build_products            | false                                |
[worker 1] | use_clang_report_name                | false                                |
[worker 1] | disable_concurrent_testing           | true                                 |
[worker 1] | skip_build                           | false                                |
[worker 1] | xcargs                               |  -parallel-testing-enabled NO        |
[worker 1] | slack_use_webhook_configured_userna  | false                                |
[worker 1] | me_and_icon                          |                                      |
[worker 1] | slack_username                       | fastlane                             |
[worker 1] | slack_icon_url                       | https://s3-eu-west-1.amazonaws.com/  |
[worker 1] |                                      | fastlane.tools/fastlane.png          |
[worker 1] | skip_slack                           | false                                |
[worker 1] | slack_only_on_failure                | false                                |
[worker 1] | xcodebuild_command                   | env NSUnbufferedIO=YES xcodebuild    |
[worker 1] | xcode_path                           | /Applications/Xcode.app              |
[worker 1] +--------------------------------------+--------------------------------------+
[worker 1]
[worker 1] [11:58:30]: $ set -o pipefail && env NSUnbufferedIO=YES xcodebuild -destination 'platform=iOS Simulator,id=9BFF8A73-B241-43F3-AD33-8A4E95818A9C' -derivedDataPath '/var/folders/_v/385bsl711hj8mg07gcv518y80000gn/T/derived_data_path20190830-44678-pm174t-worker-1' -resultBundlePath '/Users/jdoshi/Documents/Jinesh/ios/code/collate_errors/fastlane/test_output/collate_errorsUITests-batch-1/collate errors.test_result' -disable-concurrent-testing -enableCodeCoverage YES -xctestrun '/Users/jdoshi/Documents/Jinesh/ios/code/collate_errors/DerivedData/collate_errors/Build/Products/collate errors_iphonesimulator12.2-x86_64.xctestrun'  -parallel-testing-enabled NO -only-testing:collate_errorsUITests/collate_errorsUITests1/testExample3 -only-testing:collate_errorsUITests/collate_errorsUITests1/testExample6 -only-testing:collate_errorsUITests/collate_errorsUITests1/testExample7 -only-testing:collate_errorsUITests/collate_errorsUITests1/testExample8 test-without-building | tee '/Users/jdoshi/Documents/Jinesh/ios/code/collate_errors/fastlane/test_output/worker-1-logs/collate_errors-collate errors.log' | xcpretty  --report junit --output '/Users/jdoshi/Documents/Jinesh/ios/code/collate_errors/fastlane/test_output/collate_errorsUITests-batch-1/report-3.junit' --report html --output '/Users/jdoshi/Documents/Jinesh/ios/code/collate_errors/fastlane/test_output/collate_errorsUITests-batch-1/report-3.html' --report junit --output '/var/folders/_v/385bsl711hj8mg07gcv518y80000gn/T/junit_report20190830-44952-96l4n3'
[worker 1] [11:58:30]: â–¸ Loading...
[worker 1] [11:58:31]: â–¸ 2019-08-30 11:58:31.523 xcodebuild[45538:7487473]  IDETestOperationsObserverDebug: Writing diagnostic log for test session to:
[worker 1] [11:58:31]: â–¸ /Users/jdoshi/Documents/Jinesh/ios/code/collate_errors/fastlane/test_output/collate_errorsUITests-batch-1/collate errors.test_result/1_Test/Diagnostics/collate_errorsUITests-665AA944-6360-4846-8502-27083BA00211/collate_errorsUITests-F32B1C3F-3CDA-42CF-86D6-56ECF3DB77E5/Session-collate_errorsUITests-2019-08-30_115831-Y0DR58.log
[worker 1] [11:58:31]: â–¸ 2019-08-30 11:58:31.523 xcodebuild[45538:7487423] [MT] IDETestOperationsObserverDebug: (E2DD7034-1F65-475B-A1E9-1134C4F4D8DB) Beginning test session collate_errorsUITests-E2DD7034-1F65-475B-A1E9-1134C4F4D8DB at 2019-08-30 11:58:31.523 with Xcode 10E1001 on target <DVTiPhoneSimulator: 0x7fb63997feb0> {
[worker 1] [11:58:31]: â–¸ 		SimDevice: iPhone XÊ€ Clone 1 TestCenter::Helper::MultiScanManager::SimulatorHelper<70221175503840> (9BFF8A73-B241-43F3-AD33-8A4E95818A9C, iOS 12.2, Booted)
[worker 1] [11:58:31]: â–¸ } (12.2 (16E226))
[worker 1] [11:58:31]: â–¸ 2019-08-30 11:58:31.770 xcodebuild[45538:7487423] [MT] IDETestOperationsObserverDebug: (E2DD7034-1F65-475B-A1E9-1134C4F4D8DB) Finished requesting crash reports. Continuing with testing.
[worker 1] [11:58:33]: â–¸ Selected tests
[worker 1] [11:58:33]: â–¸ Test Suite collate_errorsUITests.xctest started
[worker 1] [11:58:33]: â–¸ collate_errorsUITests1
[worker 1] [11:58:39]: â–¸     âœ“ testExample3 (5.551 seconds)
[worker 1] [11:58:43]: â–¸     âœ— testExample6, XCTAssertTrue failed
[worker 1] [11:58:50]: â–¸     âœ“ testExample7 (5.404 seconds)
[worker 1] [11:58:56]: â–¸     âœ“ testExample8 (5.598 seconds)
[worker 1] [11:58:56]: â–¸ collate_errorsUITests.collate_errorsUITests1
[worker 1] [11:58:56]: â–¸   testExample6, XCTAssertTrue failed
[worker 1] [11:58:56]: â–¸   collate_errorsUITests1.swift:85
[worker 1] [11:58:56]: â–¸ [31m	 Executed 4 tests, with 1 failure (0 unexpected) in 22.177 (22.182) seconds
[worker 1] [11:58:56]: â–¸ [0m
[worker 1] [11:59:06]: â–¸ 2019-08-30 11:59:06.178 xcodebuild[45538:7487423] [MT] IDETestOperationsObserverDebug: 34.670 elapsed -- Testing started completed.
[worker 1] [11:59:06]: â–¸ 2019-08-30 11:59:06.178 xcodebuild[45538:7487423] [MT] IDETestOperationsObserverDebug: 0.000 sec, +0.000 sec -- start
[worker 1] [11:59:06]: â–¸ 2019-08-30 11:59:06.178 xcodebuild[45538:7487423] [MT] IDETestOperationsObserverDebug: 34.670 sec, +34.670 sec -- end
[worker 1] [11:59:06]: â–¸ Failing tests:
[worker 1] [11:59:06]: â–¸ 	collate_errorsUITests:
[worker 1] [11:59:06]: â–¸ 		collate_errorsUITests1.testExample6()
[worker 1] [11:59:06]: â–¸ Test session results and logs:
[worker 1] [11:59:06]: â–¸ 	/Users/jdoshi/Documents/Jinesh/ios/code/collate_errors/fastlane/test_output/collate_errorsUITests-batch-1/collate errors.test_result
[worker 1] [11:59:06]: â–¸ ** TEST EXECUTE FAILED **
[worker 1] 2019-08-30 11:58:31.523 xcodebuild[45538:7487473]  IDETestOperationsObserverDebug: Writing diagnostic log for test session to:
[worker 1] /Users/jdoshi/Documents/Jinesh/ios/code/collate_errors/fastlane/test_output/collate_errorsUITests-batch-1/collate errors.test_result/1_Test/Diagnostics/collate_errorsUITests-665AA944-6360-4846-8502-27083BA00211/collate_errorsUITests-F32B1C3F-3CDA-42CF-86D6-56ECF3DB77E5/Session-collate_errorsUITests-2019-08-30_115831-Y0DR58.log
[worker 1] 2019-08-30 11:58:31.523 xcodebuild[45538:7487423] [MT] IDETestOperationsObserverDebug: (E2DD7034-1F65-475B-A1E9-1134C4F4D8DB) Beginning test session collate_errorsUITests-E2DD7034-1F65-475B-A1E9-1134C4F4D8DB at 2019-08-30 11:58:31.523 with Xcode 10E1001 on target <DVTiPhoneSimulator: 0x7fb63997feb0> {
[worker 1] 		SimDevice: iPhone XÊ€ Clone 1 TestCenter::Helper::MultiScanManager::SimulatorHelper<70221175503840> (9BFF8A73-B241-43F3-AD33-8A4E95818A9C, iOS 12.2, Booted)
[worker 1] } (12.2 (16E226))
[worker 1] 2019-08-30 11:58:31.770 xcodebuild[45538:7487423] [MT] IDETestOperationsObserverDebug: (E2DD7034-1F65-475B-A1E9-1134C4F4D8DB) Finished requesting crash reports. Continuing with testing.
[worker 1] Selected tests
[worker 1] Test Suite collate_errorsUITests.xctest started
[worker 1] collate_errorsUITests1
[worker 1]     âœ“ testExample3 (5.551 seconds)
[worker 1]     âœ— testExample6, XCTAssertTrue failed
[worker 1]     âœ“ testExample7 (5.404 seconds)
[worker 1]     âœ“ testExample8 (5.598 seconds)
[worker 1]
[worker 1]
[worker 1] collate_errorsUITests.collate_errorsUITests1
[worker 1]   testExample6, XCTAssertTrue failed
[worker 1]   collate_errorsUITests1.swift:85
[worker 1]
[worker 1]
[worker 1] 	 Executed 4 tests, with 1 failure (0 unexpected) in 22.177 (22.182) seconds
[worker 1]
[worker 1] 2019-08-30 11:59:06.178 xcodebuild[45538:7487423] [MT] IDETestOperationsObserverDebug: 34.670 elapsed -- Testing started completed.
[worker 1] 2019-08-30 11:59:06.178 xcodebuild[45538:7487423] [MT] IDETestOperationsObserverDebug: 0.000 sec, +0.000 sec -- start
[worker 1] 2019-08-30 11:59:06.178 xcodebuild[45538:7487423] [MT] IDETestOperationsObserverDebug: 34.670 sec, +34.670 sec -- end
[worker 1]
[worker 1] Failing tests:
[worker 1] 	collate_errorsUITests:
[worker 1] 		collate_errorsUITests1.testExample6()
[worker 1]
[worker 1] Test session results and logs:
[worker 1] 	/Users/jdoshi/Documents/Jinesh/ios/code/collate_errors/fastlane/test_output/collate_errorsUITests-batch-1/collate errors.test_result
[worker 1]
[worker 1] ** TEST EXECUTE FAILED **
[worker 1] [11:59:06]: Exit status: 65
[worker 1] +--------------------+---+
[worker 1] |      Test Results      |
[worker 1] +--------------------+---+
[worker 1] | Number of tests    | 4 |
[worker 1] | Number of failures | 1 |
[worker 1] +--------------------+---+
[worker 1]
[worker 1] [11:59:06]: The run of tests would finish with failures due to fragile tests here.
[worker 2] [11:53:06]: Starting scan #1 with 10 tests for batch #2.
[worker 2]
[worker 2] +--------------------------------------+--------------------------------------+
[worker 2] |                          Summary for scan 2.130.0                           |
[worker 2] +--------------------------------------+--------------------------------------+
[worker 2] | fail_build                           | false                                |
[worker 2] | scheme                               | collate errors                       |
[worker 2] | result_bundle                        | true                                 |
[worker 2] | output_directory                     | /Users/jdoshi/Documents/Jinesh/ios/  |
[worker 2] |                                      | code/collate_errors/fastlane/test_o  |
[worker 2] |                                      | utput/collate_errorsUITests-batch-2  |
[worker 2] | output_types                         | junit,html                           |
[worker 2] | buildlog_path                        | ./fastlane/test_output//worker-2-lo  |
[worker 2] |                                      | gs                                   |
[worker 2] | code_coverage                        | true                                 |
[worker 2] | project                              | ./collate_errors.xcodeproj           |
[worker 2] | skip_detect_devices                  | false                                |
[worker 2] | force_quit_simulator                 | false                                |
[worker 2] | reset_simulator                      | false                                |
[worker 2] | reinstall_app                        | false                                |
[worker 2] | only_testing                         | ["collate_errorsUITests/collate_err  |
[worker 2] |                                      | orsUITests2/testExample21",          |
[worker 2] |                                      | "collate_errorsUITests/collate_erro  |
[worker 2] |                                      | rsUITests2/testExample22",           |
[worker 2] |                                      | "collate_errorsUITests/collate_erro  |
[worker 2] |                                      | rsUITests2/testExample23",           |
[worker 2] |                                      | "collate_errorsUITests/collate_erro  |
[worker 2] |                                      | rsUITests2/testExample24",           |
[worker 2] |                                      | "collate_errorsUITests/collate_erro  |
[worker 2] |                                      | rsUITests2/testExample25",           |
[worker 2] |                                      | "collate_errorsUITests/collate_erro  |
[worker 2] |                                      | rsUITests2/testExample26",           |
[worker 2] |                                      | "collate_errorsUITests/collate_erro  |
[worker 2] |                                      | rsUITests2/testExample27",           |
[worker 2] |                                      | "collate_errorsUITests/collate_erro  |
[worker 2] |                                      | rsUITests2/testExample28",           |
[worker 2] |                                      | "collate_errorsUITests/collate_erro  |
[worker 2] |                                      | rsUITests2/testExample29",           |
[worker 2] |                                      | "collate_errorsUITests/collate_erro  |
[worker 2] |                                      | rsUITests2/testExample30"]           |
[worker 2] | xctestrun                            | /Users/jdoshi/Documents/Jinesh/ios/  |
[worker 2] |                                      | code/collate_errors/DerivedData/col  |
[worker 2] |                                      | late_errors/Build/Products/collate   |
[worker 2] |                                      | errors_iphonesimulator12.2-x86_64.x  |
[worker 2] |                                      | ctestrun                             |
[worker 2] | clean                                | false                                |
[worker 2] | open_report                          | false                                |
[worker 2] | output_files                         | report.junit,report.html             |
[worker 2] | include_simulator_logs               | false                                |
[worker 2] | derived_data_path                    | /var/folders/_v/385bsl711hj8mg07gcv  |
[worker 2] |                                      | 518y80000gn/T/derived_data_path2019  |
[worker 2] |                                      | 0830-44678-103njbm-worker-2          |
[worker 2] | should_zip_build_products            | false                                |
[worker 2] | use_clang_report_name                | false                                |
[worker 2] | disable_concurrent_testing           | true                                 |
[worker 2] | skip_build                           | false                                |
[worker 2] | xcargs                               |  -parallel-testing-enabled NO        |
[worker 2] | slack_use_webhook_configured_userna  | false                                |
[worker 2] | me_and_icon                          |                                      |
[worker 2] | slack_username                       | fastlane                             |
[worker 2] | slack_icon_url                       | https://s3-eu-west-1.amazonaws.com/  |
[worker 2] |                                      | fastlane.tools/fastlane.png          |
[worker 2] | skip_slack                           | false                                |
[worker 2] | slack_only_on_failure                | false                                |
[worker 2] | xcodebuild_command                   | env NSUnbufferedIO=YES xcodebuild    |
[worker 2] | xcode_path                           | /Applications/Xcode.app              |
[worker 2] +--------------------------------------+--------------------------------------+
[worker 2]
[worker 2] [11:53:07]: $ set -o pipefail && env NSUnbufferedIO=YES xcodebuild -destination 'platform=iOS Simulator,id=07AFC86B-E4D2-4CC1-9BC8-6DF3B7F79C8B' -derivedDataPath '/var/folders/_v/385bsl711hj8mg07gcv518y80000gn/T/derived_data_path20190830-44678-103njbm-worker-2' -resultBundlePath '/Users/jdoshi/Documents/Jinesh/ios/code/collate_errors/fastlane/test_output/collate_errorsUITests-batch-2/collate errors.test_result' -disable-concurrent-testing -enableCodeCoverage YES -xctestrun '/Users/jdoshi/Documents/Jinesh/ios/code/collate_errors/DerivedData/collate_errors/Build/Products/collate errors_iphonesimulator12.2-x86_64.xctestrun'  -parallel-testing-enabled NO -only-testing:collate_errorsUITests/collate_errorsUITests2/testExample21 -only-testing:collate_errorsUITests/collate_errorsUITests2/testExample22 -only-testing:collate_errorsUITests/collate_errorsUITests2/testExample23 -only-testing:collate_errorsUITests/collate_errorsUITests2/testExample24 -only-testing:collate_errorsUITests/collate_errorsUITests2/testExample25 -only-testing:collate_errorsUITests/collate_errorsUITests2/testExample26 -only-testing:collate_errorsUITests/collate_errorsUITests2/testExample27 -only-testing:collate_errorsUITests/collate_errorsUITests2/testExample28 -only-testing:collate_errorsUITests/collate_errorsUITests2/testExample29 -only-testing:collate_errorsUITests/collate_errorsUITests2/testExample30 test-without-building | tee '/Users/jdoshi/Documents/Jinesh/ios/code/collate_errors/fastlane/test_output/worker-2-logs/collate_errors-collate errors.log' | xcpretty  --report junit --output '/Users/jdoshi/Documents/Jinesh/ios/code/collate_errors/fastlane/test_output/collate_errorsUITests-batch-2/report.junit' --report html --output '/Users/jdoshi/Documents/Jinesh/ios/code/collate_errors/fastlane/test_output/collate_errorsUITests-batch-2/report.html' --report junit --output '/var/folders/_v/385bsl711hj8mg07gcv518y80000gn/T/junit_report20190830-44954-ofeo3r'
[worker 2] [11:53:07]: â–¸ Loading...
[worker 2] [11:53:10]: â–¸ 2019-08-30 11:53:10.740 xcodebuild[44987:7475660]  IDETestOperationsObserverDebug: Writing diagnostic log for test session to:
[worker 2] [11:53:10]: â–¸ /Users/jdoshi/Documents/Jinesh/ios/code/collate_errors/fastlane/test_output/collate_errorsUITests-batch-2/collate errors.test_result/1_Test/Diagnostics/collate_errorsUITests-581B04E9-B797-4314-B99C-1CC0FE120604/collate_errorsUITests-206C34D6-9ED3-4172-A9C4-C55668F6C253/Session-collate_errorsUITests-2019-08-30_115310-zjj1jh.log
[worker 2] [11:53:10]: â–¸ 2019-08-30 11:53:10.741 xcodebuild[44987:7475490] [MT] IDETestOperationsObserverDebug: (521FF7F9-7C2C-447F-BD47-4B49FCABAD36) Beginning test session collate_errorsUITests-521FF7F9-7C2C-447F-BD47-4B49FCABAD36 at 2019-08-30 11:53:10.740 with Xcode 10E1001 on target <DVTiPhoneSimulator: 0x7f8f707bfaa0> {
[worker 2] [11:53:10]: â–¸ 		SimDevice: iPhone XÊ€ Clone 2 TestCenter::Helper::MultiScanManager::SimulatorHelper<70221175503840> (07AFC86B-E4D2-4CC1-9BC8-6DF3B7F79C8B, iOS 12.2, Booted)
[worker 2] [11:53:10]: â–¸ } (12.2 (16E226))
[worker 2] [11:54:39]: â–¸ 2019-08-30 11:54:39.528 xcodebuild[44987:7475490] [MT] IDETestOperationsObserverDebug: (521FF7F9-7C2C-447F-BD47-4B49FCABAD36) Finished requesting crash reports. Continuing with testing.
[worker 2] [11:54:45]: â–¸ Selected tests
[worker 2] [11:54:45]: â–¸ Test Suite collate_errorsUITests.xctest started
[worker 2] [11:54:45]: â–¸ collate_errorsUITests2
[worker 2] [11:54:55]: â–¸     âœ“ testExample21 (9.579 seconds)
[worker 2] [11:55:02]: â–¸     âœ“ testExample22 (7.578 seconds)
[worker 2] [11:55:09]: â–¸     âœ“ testExample23 (6.932 seconds)
[worker 2] [11:55:18]: â–¸     âœ“ testExample24 (8.869 seconds)
[worker 2] [11:55:24]: â–¸     âœ— testExample25, XCTAssertTrue failed
[worker 2] [11:55:31]: â–¸     âœ— testExample26, XCTAssertTrue failed
[worker 2] [11:55:37]: â–¸     âœ— testExample27, XCTAssertTrue failed
[worker 2] [11:55:44]: â–¸     âœ— testExample28, XCTAssertTrue failed
[worker 2] [11:55:54]: â–¸     âœ“ testExample29 (7.864 seconds)
[worker 2] [11:55:59]: â–¸     âœ— testExample30, XCTAssertTrue failed
[worker 2] [11:56:01]: â–¸ collate_errorsUITests.collate_errorsUITests2
[worker 2] [11:56:01]: â–¸   testExample25, XCTAssertTrue failed
[worker 2] [11:56:01]: â–¸   collate_errorsUITests2.swift:75
[worker 2] [11:56:01]: â–¸   testExample26, XCTAssertTrue failed
[worker 2] [11:56:01]: â–¸   collate_errorsUITests2.swift:85
[worker 2] [11:56:01]: â–¸   testExample27, XCTAssertTrue failed
[worker 2] [11:56:01]: â–¸   collate_errorsUITests2.swift:95
[worker 2] [11:56:01]: â–¸   testExample28, XCTAssertTrue failed
[worker 2] [11:56:01]: â–¸   collate_errorsUITests2.swift:105
[worker 2] [11:56:01]: â–¸   testExample30, XCTAssertTrue failed
[worker 2] [11:56:01]: â–¸   collate_errorsUITests2.swift:125
[worker 2] [11:56:01]: â–¸ [31m	 Executed 10 tests, with 5 failures (0 unexpected) in 75.359 (75.408) seconds
[worker 2] [11:56:01]: â–¸ [0m
[worker 2] [11:56:47]: â–¸ 2019-08-30 11:56:47.515 xcodebuild[44987:7475490] [MT] IDETestOperationsObserverDebug: 216.794 elapsed -- Testing started completed.
[worker 2] [11:56:47]: â–¸ 2019-08-30 11:56:47.515 xcodebuild[44987:7475490] [MT] IDETestOperationsObserverDebug: 0.000 sec, +0.000 sec -- start
[worker 2] [11:56:47]: â–¸ 2019-08-30 11:56:47.515 xcodebuild[44987:7475490] [MT] IDETestOperationsObserverDebug: 216.794 sec, +216.794 sec -- end
[worker 2] [11:56:48]: â–¸ Failing tests:
[worker 2] [11:56:48]: â–¸ 	collate_errorsUITests:
[worker 2] [11:56:48]: â–¸ 		collate_errorsUITests2.testExample25()
[worker 2] [11:56:48]: â–¸ 		collate_errorsUITests2.testExample26()
[worker 2] [11:56:48]: â–¸ 		collate_errorsUITests2.testExample27()
[worker 2] [11:56:48]: â–¸ 		collate_errorsUITests2.testExample28()
[worker 2] [11:56:48]: â–¸ 		collate_errorsUITests2.testExample30()
[worker 2] [11:56:48]: â–¸ Test session results and logs:
[worker 2] [11:56:48]: â–¸ 	/Users/jdoshi/Documents/Jinesh/ios/code/collate_errors/fastlane/test_output/collate_errorsUITests-batch-2/collate errors.test_result
[worker 2] [11:56:48]: â–¸ ** TEST EXECUTE FAILED **
[worker 2] 2019-08-30 11:53:10.740 xcodebuild[44987:7475660]  IDETestOperationsObserverDebug: Writing diagnostic log for test session to:
[worker 2] /Users/jdoshi/Documents/Jinesh/ios/code/collate_errors/fastlane/test_output/collate_errorsUITests-batch-2/collate errors.test_result/1_Test/Diagnostics/collate_errorsUITests-581B04E9-B797-4314-B99C-1CC0FE120604/collate_errorsUITests-206C34D6-9ED3-4172-A9C4-C55668F6C253/Session-collate_errorsUITests-2019-08-30_115310-zjj1jh.log
[worker 2] 2019-08-30 11:53:10.741 xcodebuild[44987:7475490] [MT] IDETestOperationsObserverDebug: (521FF7F9-7C2C-447F-BD47-4B49FCABAD36) Beginning test session collate_errorsUITests-521FF7F9-7C2C-447F-BD47-4B49FCABAD36 at 2019-08-30 11:53:10.740 with Xcode 10E1001 on target <DVTiPhoneSimulator: 0x7f8f707bfaa0> {
[worker 2] 		SimDevice: iPhone XÊ€ Clone 2 TestCenter::Helper::MultiScanManager::SimulatorHelper<70221175503840> (07AFC86B-E4D2-4CC1-9BC8-6DF3B7F79C8B, iOS 12.2, Booted)
[worker 2] } (12.2 (16E226))
[worker 2] 2019-08-30 11:54:39.528 xcodebuild[44987:7475490] [MT] IDETestOperationsObserverDebug: (521FF7F9-7C2C-447F-BD47-4B49FCABAD36) Finished requesting crash reports. Continuing with testing.
[worker 2] Selected tests
[worker 2] Test Suite collate_errorsUITests.xctest started
[worker 2] collate_errorsUITests2
[worker 2]     âœ“ testExample21 (9.579 seconds)
[worker 2]     âœ“ testExample22 (7.578 seconds)
[worker 2]     âœ“ testExample23 (6.932 seconds)
[worker 2]     âœ“ testExample24 (8.869 seconds)
[worker 2]     âœ— testExample25, XCTAssertTrue failed
[worker 2]     âœ— testExample26, XCTAssertTrue failed
[worker 2]     âœ— testExample27, XCTAssertTrue failed
[worker 2]     âœ— testExample28, XCTAssertTrue failed
[worker 2]     âœ“ testExample29 (7.864 seconds)
[worker 2]     âœ— testExample30, XCTAssertTrue failed
[worker 2]
[worker 2]
[worker 2] collate_errorsUITests.collate_errorsUITests2
[worker 2]   testExample25, XCTAssertTrue failed
[worker 2]   collate_errorsUITests2.swift:75
[worker 2]
[worker 2]   testExample26, XCTAssertTrue failed
[worker 2]   collate_errorsUITests2.swift:85
[worker 2]
[worker 2]   testExample27, XCTAssertTrue failed
[worker 2]   collate_errorsUITests2.swift:95
[worker 2]
[worker 2]   testExample28, XCTAssertTrue failed
[worker 2]   collate_errorsUITests2.swift:105
[worker 2]
[worker 2]   testExample30, XCTAssertTrue failed
[worker 2]   collate_errorsUITests2.swift:125
[worker 2]
[worker 2]
[worker 2] 	 Executed 10 tests, with 5 failures (0 unexpected) in 75.359 (75.408) seconds
[worker 2]
[worker 2] 2019-08-30 11:56:47.515 xcodebuild[44987:7475490] [MT] IDETestOperationsObserverDebug: 216.794 elapsed -- Testing started completed.
[worker 2] 2019-08-30 11:56:47.515 xcodebuild[44987:7475490] [MT] IDETestOperationsObserverDebug: 0.000 sec, +0.000 sec -- start
[worker 2] 2019-08-30 11:56:47.515 xcodebuild[44987:7475490] [MT] IDETestOperationsObserverDebug: 216.794 sec, +216.794 sec -- end
[worker 2]
[worker 2] Failing tests:
[worker 2] 	collate_errorsUITests:
[worker 2] 		collate_errorsUITests2.testExample25()
[worker 2] 		collate_errorsUITests2.testExample26()
[worker 2] 		collate_errorsUITests2.testExample27()
[worker 2] 		collate_errorsUITests2.testExample28()
[worker 2] 		collate_errorsUITests2.testExample30()
[worker 2]
[worker 2] Test session results and logs:
[worker 2] 	/Users/jdoshi/Documents/Jinesh/ios/code/collate_errors/fastlane/test_output/collate_errorsUITests-batch-2/collate errors.test_result
[worker 2]
[worker 2] ** TEST EXECUTE FAILED **
[worker 2] [11:56:48]: Exit status: 65
[worker 2] +--------------------+----+
[worker 2] |      Test Results       |
[worker 2] +--------------------+----+
[worker 2] | Number of tests    | 10 |
[worker 2] | Number of failures | 5  |
[worker 2] +--------------------+----+
[worker 2]
[worker 2] [11:56:49]: The run of tests would finish with failures due to fragile tests here.
[worker 2] [11:56:49]: --------------------------------------------------------------------
[worker 2] [11:56:49]: Since we are using :multi_scan, we can re-run just those failing tests!
[worker 2] [11:56:49]: --------------------------------------------------------------------
[worker 2] [11:56:50]: Starting scan #2 with 5 tests for batch #2.
[worker 2]
[worker 2] +--------------------------------------+--------------------------------------+
[worker 2] |                          Summary for scan 2.130.0                           |
[worker 2] +--------------------------------------+--------------------------------------+
[worker 2] | fail_build                           | false                                |
[worker 2] | scheme                               | collate errors                       |
[worker 2] | result_bundle                        | true                                 |
[worker 2] | output_directory                     | /Users/jdoshi/Documents/Jinesh/ios/  |
[worker 2] |                                      | code/collate_errors/fastlane/test_o  |
[worker 2] |                                      | utput/collate_errorsUITests-batch-2  |
[worker 2] | output_types                         | junit,html                           |
[worker 2] | buildlog_path                        | ./fastlane/test_output//worker-2-lo  |
[worker 2] |                                      | gs                                   |
[worker 2] | code_coverage                        | true                                 |
[worker 2] | project                              | ./collate_errors.xcodeproj           |
[worker 2] | skip_detect_devices                  | false                                |
[worker 2] | force_quit_simulator                 | false                                |
[worker 2] | reset_simulator                      | false                                |
[worker 2] | reinstall_app                        | false                                |
[worker 2] | only_testing                         | ["collate_errorsUITests/collate_err  |
[worker 2] |                                      | orsUITests2/testExample25",          |
[worker 2] |                                      | "collate_errorsUITests/collate_erro  |
[worker 2] |                                      | rsUITests2/testExample26",           |
[worker 2] |                                      | "collate_errorsUITests/collate_erro  |
[worker 2] |                                      | rsUITests2/testExample27",           |
[worker 2] |                                      | "collate_errorsUITests/collate_erro  |
[worker 2] |                                      | rsUITests2/testExample28",           |
[worker 2] |                                      | "collate_errorsUITests/collate_erro  |
[worker 2] |                                      | rsUITests2/testExample30"]           |
[worker 2] | xctestrun                            | /Users/jdoshi/Documents/Jinesh/ios/  |
[worker 2] |                                      | code/collate_errors/DerivedData/col  |
[worker 2] |                                      | late_errors/Build/Products/collate   |
[worker 2] |                                      | errors_iphonesimulator12.2-x86_64.x  |
[worker 2] |                                      | ctestrun                             |
[worker 2] | clean                                | false                                |
[worker 2] | open_report                          | false                                |
[worker 2] | output_files                         | report-2.junit,report-2.html         |
[worker 2] | include_simulator_logs               | false                                |
[worker 2] | derived_data_path                    | /var/folders/_v/385bsl711hj8mg07gcv  |
[worker 2] |                                      | 518y80000gn/T/derived_data_path2019  |
[worker 2] |                                      | 0830-44678-103njbm-worker-2          |
[worker 2] | should_zip_build_products            | false                                |
[worker 2] | use_clang_report_name                | false                                |
[worker 2] | disable_concurrent_testing           | true                                 |
[worker 2] | skip_build                           | false                                |
[worker 2] | xcargs                               |  -parallel-testing-enabled NO        |
[worker 2] | slack_use_webhook_configured_userna  | false                                |
[worker 2] | me_and_icon                          |                                      |
[worker 2] | slack_username                       | fastlane                             |
[worker 2] | slack_icon_url                       | https://s3-eu-west-1.amazonaws.com/  |
[worker 2] |                                      | fastlane.tools/fastlane.png          |
[worker 2] | skip_slack                           | false                                |
[worker 2] | slack_only_on_failure                | false                                |
[worker 2] | xcodebuild_command                   | env NSUnbufferedIO=YES xcodebuild    |
[worker 2] | xcode_path                           | /Applications/Xcode.app              |
[worker 2] +--------------------------------------+--------------------------------------+
[worker 2]
[worker 2] [11:56:50]: $ set -o pipefail && env NSUnbufferedIO=YES xcodebuild -destination 'platform=iOS Simulator,id=07AFC86B-E4D2-4CC1-9BC8-6DF3B7F79C8B' -derivedDataPath '/var/folders/_v/385bsl711hj8mg07gcv518y80000gn/T/derived_data_path20190830-44678-103njbm-worker-2' -resultBundlePath '/Users/jdoshi/Documents/Jinesh/ios/code/collate_errors/fastlane/test_output/collate_errorsUITests-batch-2/collate errors.test_result' -disable-concurrent-testing -enableCodeCoverage YES -xctestrun '/Users/jdoshi/Documents/Jinesh/ios/code/collate_errors/DerivedData/collate_errors/Build/Products/collate errors_iphonesimulator12.2-x86_64.xctestrun'  -parallel-testing-enabled NO -only-testing:collate_errorsUITests/collate_errorsUITests2/testExample25 -only-testing:collate_errorsUITests/collate_errorsUITests2/testExample26 -only-testing:collate_errorsUITests/collate_errorsUITests2/testExample27 -only-testing:collate_errorsUITests/collate_errorsUITests2/testExample28 -only-testing:collate_errorsUITests/collate_errorsUITests2/testExample30 test-without-building | tee '/Users/jdoshi/Documents/Jinesh/ios/code/collate_errors/fastlane/test_output/worker-2-logs/collate_errors-collate errors.log' | xcpretty  --report junit --output '/Users/jdoshi/Documents/Jinesh/ios/code/collate_errors/fastlane/test_output/collate_errorsUITests-batch-2/report-2.junit' --report html --output '/Users/jdoshi/Documents/Jinesh/ios/code/collate_errors/fastlane/test_output/collate_errorsUITests-batch-2/report-2.html' --report junit --output '/var/folders/_v/385bsl711hj8mg07gcv518y80000gn/T/junit_report20190830-44954-19o5mu6'
[worker 2] [11:56:50]: â–¸ Loading...
[worker 2] [11:56:52]: â–¸ 2019-08-30 11:56:52.416 xcodebuild[45301:7483274]  IDETestOperationsObserverDebug: Writing diagnostic log for test session to:
[worker 2] [11:56:52]: â–¸ /Users/jdoshi/Documents/Jinesh/ios/code/collate_errors/fastlane/test_output/collate_errorsUITests-batch-2/collate errors.test_result/1_Test/Diagnostics/collate_errorsUITests-DBAFC289-D6EA-42EB-BC58-353337F1476F/collate_errorsUITests-4CD2FC5F-9DAF-47D4-82DB-F7B9C19DCA86/Session-collate_errorsUITests-2019-08-30_115652-XB2mST.log
[worker 2] [11:56:52]: â–¸ 2019-08-30 11:56:52.417 xcodebuild[45301:7483220] [MT] IDETestOperationsObserverDebug: (207D5EC2-CA1F-440F-A77F-55A776DE9960) Beginning test session collate_errorsUITests-207D5EC2-CA1F-440F-A77F-55A776DE9960 at 2019-08-30 11:56:52.416 with Xcode 10E1001 on target <DVTiPhoneSimulator: 0x7fdecfa58230> {
[worker 2] [11:56:52]: â–¸ 		SimDevice: iPhone XÊ€ Clone 2 TestCenter::Helper::MultiScanManager::SimulatorHelper<70221175503840> (07AFC86B-E4D2-4CC1-9BC8-6DF3B7F79C8B, iOS 12.2, Booted)
[worker 2] [11:56:52]: â–¸ } (12.2 (16E226))
[worker 2] [11:56:52]: â–¸ 2019-08-30 11:56:52.719 xcodebuild[45301:7483220] [MT] IDETestOperationsObserverDebug: (207D5EC2-CA1F-440F-A77F-55A776DE9960) Finished requesting crash reports. Continuing with testing.
[worker 2] [11:56:54]: â–¸ Selected tests
[worker 2] [11:56:54]: â–¸ Test Suite collate_errorsUITests.xctest started
[worker 2] [11:56:54]: â–¸ collate_errorsUITests2
[worker 2] [11:57:08]: â–¸     âœ— testExample25, XCTAssertTrue failed
[worker 2] [11:57:14]: â–¸     âœ— testExample26, XCTAssertTrue failed
[worker 2] [11:57:21]: â–¸     âœ— testExample27, XCTAssertTrue failed
[worker 2] [11:57:31]: â–¸     âœ“ testExample28 (7.129 seconds)
[worker 2] [11:57:36]: â–¸     âœ— testExample30, XCTAssertTrue failed
[worker 2] [11:57:38]: â–¸ collate_errorsUITests.collate_errorsUITests2
[worker 2] [11:57:38]: â–¸   testExample25, XCTAssertTrue failed
[worker 2] [11:57:38]: â–¸   collate_errorsUITests2.swift:75
[worker 2] [11:57:38]: â–¸   testExample26, XCTAssertTrue failed
[worker 2] [11:57:38]: â–¸   collate_errorsUITests2.swift:85
[worker 2] [11:57:38]: â–¸   testExample27, XCTAssertTrue failed
[worker 2] [11:57:38]: â–¸   collate_errorsUITests2.swift:95
[worker 2] [11:57:38]: â–¸   testExample30, XCTAssertTrue failed
[worker 2] [11:57:38]: â–¸   collate_errorsUITests2.swift:125
[worker 2] [11:57:38]: â–¸ [31m	 Executed 5 tests, with 4 failures (0 unexpected) in 43.840 (43.848) seconds
[worker 2] [11:57:38]: â–¸ [0m
[worker 2] [11:58:17]: â–¸ 2019-08-30 11:58:17.619 xcodebuild[45301:7483220] [MT] IDETestOperationsObserverDebug: 85.227 elapsed -- Testing started completed.
[worker 2] [11:58:17]: â–¸ 2019-08-30 11:58:17.620 xcodebuild[45301:7483220] [MT] IDETestOperationsObserverDebug: 0.000 sec, +0.000 sec -- start
[worker 2] [11:58:17]: â–¸ 2019-08-30 11:58:17.620 xcodebuild[45301:7483220] [MT] IDETestOperationsObserverDebug: 85.227 sec, +85.227 sec -- end
[worker 2] [11:58:17]: â–¸ Failing tests:
[worker 2] [11:58:17]: â–¸ 	collate_errorsUITests:
[worker 2] [11:58:17]: â–¸ 		collate_errorsUITests2.testExample25()
[worker 2] [11:58:17]: â–¸ 		collate_errorsUITests2.testExample26()
[worker 2] [11:58:17]: â–¸ 		collate_errorsUITests2.testExample27()
[worker 2] [11:58:17]: â–¸ 		collate_errorsUITests2.testExample30()
[worker 2] [11:58:17]: â–¸ Test session results and logs:
[worker 2] [11:58:17]: â–¸ 	/Users/jdoshi/Documents/Jinesh/ios/code/collate_errors/fastlane/test_output/collate_errorsUITests-batch-2/collate errors.test_result
[worker 2] [11:58:17]: â–¸ ** TEST EXECUTE FAILED **
[worker 2] 2019-08-30 11:56:52.416 xcodebuild[45301:7483274]  IDETestOperationsObserverDebug: Writing diagnostic log for test session to:
[worker 2] /Users/jdoshi/Documents/Jinesh/ios/code/collate_errors/fastlane/test_output/collate_errorsUITests-batch-2/collate errors.test_result/1_Test/Diagnostics/collate_errorsUITests-DBAFC289-D6EA-42EB-BC58-353337F1476F/collate_errorsUITests-4CD2FC5F-9DAF-47D4-82DB-F7B9C19DCA86/Session-collate_errorsUITests-2019-08-30_115652-XB2mST.log
[worker 2] 2019-08-30 11:56:52.417 xcodebuild[45301:7483220] [MT] IDETestOperationsObserverDebug: (207D5EC2-CA1F-440F-A77F-55A776DE9960) Beginning test session collate_errorsUITests-207D5EC2-CA1F-440F-A77F-55A776DE9960 at 2019-08-30 11:56:52.416 with Xcode 10E1001 on target <DVTiPhoneSimulator: 0x7fdecfa58230> {
[worker 2] 		SimDevice: iPhone XÊ€ Clone 2 TestCenter::Helper::MultiScanManager::SimulatorHelper<70221175503840> (07AFC86B-E4D2-4CC1-9BC8-6DF3B7F79C8B, iOS 12.2, Booted)
[worker 2] } (12.2 (16E226))
[worker 2] 2019-08-30 11:56:52.719 xcodebuild[45301:7483220] [MT] IDETestOperationsObserverDebug: (207D5EC2-CA1F-440F-A77F-55A776DE9960) Finished requesting crash reports. Continuing with testing.
[worker 2] Selected tests
[worker 2] Test Suite collate_errorsUITests.xctest started
[worker 2] collate_errorsUITests2
[worker 2]     âœ— testExample25, XCTAssertTrue failed
[worker 2]     âœ— testExample26, XCTAssertTrue failed
[worker 2]     âœ— testExample27, XCTAssertTrue failed
[worker 2]     âœ“ testExample28 (7.129 seconds)
[worker 2]     âœ— testExample30, XCTAssertTrue failed
[worker 2]
[worker 2]
[worker 2] collate_errorsUITests.collate_errorsUITests2
[worker 2]   testExample25, XCTAssertTrue failed
[worker 2]   collate_errorsUITests2.swift:75
[worker 2]
[worker 2]   testExample26, XCTAssertTrue failed
[worker 2]   collate_errorsUITests2.swift:85
[worker 2]
[worker 2]   testExample27, XCTAssertTrue failed
[worker 2]   collate_errorsUITests2.swift:95
[worker 2]
[worker 2]   testExample30, XCTAssertTrue failed
[worker 2]   collate_errorsUITests2.swift:125
[worker 2]
[worker 2]
[worker 2] 	 Executed 5 tests, with 4 failures (0 unexpected) in 43.840 (43.848) seconds
[worker 2]
[worker 2] 2019-08-30 11:58:17.619 xcodebuild[45301:7483220] [MT] IDETestOperationsObserverDebug: 85.227 elapsed -- Testing started completed.
[worker 2] 2019-08-30 11:58:17.620 xcodebuild[45301:7483220] [MT] IDETestOperationsObserverDebug: 0.000 sec, +0.000 sec -- start
[worker 2] 2019-08-30 11:58:17.620 xcodebuild[45301:7483220] [MT] IDETestOperationsObserverDebug: 85.227 sec, +85.227 sec -- end
[worker 2]
[worker 2] Failing tests:
[worker 2] 	collate_errorsUITests:
[worker 2] 		collate_errorsUITests2.testExample25()
[worker 2] 		collate_errorsUITests2.testExample26()
[worker 2] 		collate_errorsUITests2.testExample27()
[worker 2] 		collate_errorsUITests2.testExample30()
[worker 2]
[worker 2] Test session results and logs:
[worker 2] 	/Users/jdoshi/Documents/Jinesh/ios/code/collate_errors/fastlane/test_output/collate_errorsUITests-batch-2/collate errors.test_result
[worker 2]
[worker 2] ** TEST EXECUTE FAILED **
[worker 2] [11:58:18]: Exit status: 65
[worker 2] +--------------------+---+
[worker 2] |      Test Results      |
[worker 2] +--------------------+---+
[worker 2] | Number of tests    | 5 |
[worker 2] | Number of failures | 4 |
[worker 2] +--------------------+---+
[worker 2]
[worker 2] [11:58:18]: The run of tests would finish with failures due to fragile tests here.
[worker 2] [11:58:18]: --------------------------------------------------------------------
[worker 2] [11:58:18]: Since we are using :multi_scan, we can re-run just those failing tests!
[worker 2] [11:58:18]: --------------------------------------------------------------------
[worker 2] [11:58:19]: Starting scan #3 with 4 tests for batch #2.
[worker 2]
[worker 2] +--------------------------------------+--------------------------------------+
[worker 2] |                          Summary for scan 2.130.0                           |
[worker 2] +--------------------------------------+--------------------------------------+
[worker 2] | fail_build                           | false                                |
[worker 2] | scheme                               | collate errors                       |
[worker 2] | result_bundle                        | true                                 |
[worker 2] | output_directory                     | /Users/jdoshi/Documents/Jinesh/ios/  |
[worker 2] |                                      | code/collate_errors/fastlane/test_o  |
[worker 2] |                                      | utput/collate_errorsUITests-batch-2  |
[worker 2] | output_types                         | junit,html                           |
[worker 2] | buildlog_path                        | ./fastlane/test_output//worker-2-lo  |
[worker 2] |                                      | gs                                   |
[worker 2] | code_coverage                        | true                                 |
[worker 2] | project                              | ./collate_errors.xcodeproj           |
[worker 2] | skip_detect_devices                  | false                                |
[worker 2] | force_quit_simulator                 | false                                |
[worker 2] | reset_simulator                      | false                                |
[worker 2] | reinstall_app                        | false                                |
[worker 2] | only_testing                         | ["collate_errorsUITests/collate_err  |
[worker 2] |                                      | orsUITests2/testExample25",          |
[worker 2] |                                      | "collate_errorsUITests/collate_erro  |
[worker 2] |                                      | rsUITests2/testExample26",           |
[worker 2] |                                      | "collate_errorsUITests/collate_erro  |
[worker 2] |                                      | rsUITests2/testExample27",           |
[worker 2] |                                      | "collate_errorsUITests/collate_erro  |
[worker 2] |                                      | rsUITests2/testExample30"]           |
[worker 2] | xctestrun                            | /Users/jdoshi/Documents/Jinesh/ios/  |
[worker 2] |                                      | code/collate_errors/DerivedData/col  |
[worker 2] |                                      | late_errors/Build/Products/collate   |
[worker 2] |                                      | errors_iphonesimulator12.2-x86_64.x  |
[worker 2] |                                      | ctestrun                             |
[worker 2] | clean                                | false                                |
[worker 2] | open_report                          | false                                |
[worker 2] | output_files                         | report-3.junit,report-3.html         |
[worker 2] | include_simulator_logs               | false                                |
[worker 2] | derived_data_path                    | /var/folders/_v/385bsl711hj8mg07gcv  |
[worker 2] |                                      | 518y80000gn/T/derived_data_path2019  |
[worker 2] |                                      | 0830-44678-103njbm-worker-2          |
[worker 2] | should_zip_build_products            | false                                |
[worker 2] | use_clang_report_name                | false                                |
[worker 2] | disable_concurrent_testing           | true                                 |
[worker 2] | skip_build                           | false                                |
[worker 2] | xcargs                               |  -parallel-testing-enabled NO        |
[worker 2] | slack_use_webhook_configured_userna  | false                                |
[worker 2] | me_and_icon                          |                                      |
[worker 2] | slack_username                       | fastlane                             |
[worker 2] | slack_icon_url                       | https://s3-eu-west-1.amazonaws.com/  |
[worker 2] |                                      | fastlane.tools/fastlane.png          |
[worker 2] | skip_slack                           | false                                |
[worker 2] | slack_only_on_failure                | false                                |
[worker 2] | xcodebuild_command                   | env NSUnbufferedIO=YES xcodebuild    |
[worker 2] | xcode_path                           | /Applications/Xcode.app              |
[worker 2] +--------------------------------------+--------------------------------------+
[worker 2]
[worker 2] [11:58:19]: $ set -o pipefail && env NSUnbufferedIO=YES xcodebuild -destination 'platform=iOS Simulator,id=07AFC86B-E4D2-4CC1-9BC8-6DF3B7F79C8B' -derivedDataPath '/var/folders/_v/385bsl711hj8mg07gcv518y80000gn/T/derived_data_path20190830-44678-103njbm-worker-2' -resultBundlePath '/Users/jdoshi/Documents/Jinesh/ios/code/collate_errors/fastlane/test_output/collate_errorsUITests-batch-2/collate errors.test_result' -disable-concurrent-testing -enableCodeCoverage YES -xctestrun '/Users/jdoshi/Documents/Jinesh/ios/code/collate_errors/DerivedData/collate_errors/Build/Products/collate errors_iphonesimulator12.2-x86_64.xctestrun'  -parallel-testing-enabled NO -only-testing:collate_errorsUITests/collate_errorsUITests2/testExample25 -only-testing:collate_errorsUITests/collate_errorsUITests2/testExample26 -only-testing:collate_errorsUITests/collate_errorsUITests2/testExample27 -only-testing:collate_errorsUITests/collate_errorsUITests2/testExample30 test-without-building | tee '/Users/jdoshi/Documents/Jinesh/ios/code/collate_errors/fastlane/test_output/worker-2-logs/collate_errors-collate errors.log' | xcpretty  --report junit --output '/Users/jdoshi/Documents/Jinesh/ios/code/collate_errors/fastlane/test_output/collate_errorsUITests-batch-2/report-3.junit' --report html --output '/Users/jdoshi/Documents/Jinesh/ios/code/collate_errors/fastlane/test_output/collate_errorsUITests-batch-2/report-3.html' --report junit --output '/var/folders/_v/385bsl711hj8mg07gcv518y80000gn/T/junit_report20190830-44954-ren6np'
[worker 2] [11:58:19]: â–¸ Loading...
[worker 2] [11:58:21]: â–¸ 2019-08-30 11:58:21.238 xcodebuild[45510:7486947]  IDETestOperationsObserverDebug: Writing diagnostic log for test session to:
[worker 2] [11:58:21]: â–¸ /Users/jdoshi/Documents/Jinesh/ios/code/collate_errors/fastlane/test_output/collate_errorsUITests-batch-2/collate errors.test_result/1_Test/Diagnostics/collate_errorsUITests-100D978A-3786-4144-98C9-D6E7214F5B48/collate_errorsUITests-C16D5337-F7F1-4358-B369-8555F7347AA2/Session-collate_errorsUITests-2019-08-30_115821-SEZyUy.log
[worker 2] [11:58:21]: â–¸ 2019-08-30 11:58:21.238 xcodebuild[45510:7486929] [MT] IDETestOperationsObserverDebug: (5A9F41BA-E914-4CC1-BF21-4742B15F20F0) Beginning test session collate_errorsUITests-5A9F41BA-E914-4CC1-BF21-4742B15F20F0 at 2019-08-30 11:58:21.238 with Xcode 10E1001 on target <DVTiPhoneSimulator: 0x7f96150541f0> {
[worker 2] [11:58:21]: â–¸ 		SimDevice: iPhone XÊ€ Clone 2 TestCenter::Helper::MultiScanManager::SimulatorHelper<70221175503840> (07AFC86B-E4D2-4CC1-9BC8-6DF3B7F79C8B, iOS 12.2, Booted)
[worker 2] [11:58:21]: â–¸ } (12.2 (16E226))
[worker 2] [11:58:21]: â–¸ 2019-08-30 11:58:21.477 xcodebuild[45510:7486929] [MT] IDETestOperationsObserverDebug: (5A9F41BA-E914-4CC1-BF21-4742B15F20F0) Finished requesting crash reports. Continuing with testing.
[worker 2] [11:58:23]: â–¸ Selected tests
[worker 2] [11:58:23]: â–¸ Test Suite collate_errorsUITests.xctest started
[worker 2] [11:58:23]: â–¸ collate_errorsUITests2
[worker 2] [11:58:28]: â–¸     âœ— testExample25, XCTAssertTrue failed
[worker 2] [11:58:34]: â–¸     âœ— testExample26, XCTAssertTrue failed
[worker 2] [11:58:40]: â–¸     âœ“ testExample27 (5.451 seconds)
[worker 2] [11:58:46]: â–¸     âœ“ testExample30 (5.524 seconds)
[worker 2] [11:58:46]: â–¸ collate_errorsUITests.collate_errorsUITests2
[worker 2] [11:58:46]: â–¸   testExample25, XCTAssertTrue failed
[worker 2] [11:58:46]: â–¸   collate_errorsUITests2.swift:75
[worker 2] [11:58:46]: â–¸   testExample26, XCTAssertTrue failed
[worker 2] [11:58:46]: â–¸   collate_errorsUITests2.swift:85
[worker 2] [11:58:46]: â–¸ [31m	 Executed 4 tests, with 2 failures (0 unexpected) in 22.486 (22.491) seconds
[worker 2] [11:58:46]: â–¸ [0m
[worker 2] [11:59:01]: â–¸ 2019-08-30 11:59:01.322 xcodebuild[45510:7486929] [MT] IDETestOperationsObserverDebug: 40.096 elapsed -- Testing started completed.
[worker 2] [11:59:01]: â–¸ 2019-08-30 11:59:01.322 xcodebuild[45510:7486929] [MT] IDETestOperationsObserverDebug: 0.000 sec, +0.000 sec -- start
[worker 2] [11:59:01]: â–¸ 2019-08-30 11:59:01.322 xcodebuild[45510:7486929] [MT] IDETestOperationsObserverDebug: 40.096 sec, +40.096 sec -- end
[worker 2] [11:59:01]: â–¸ Failing tests:
[worker 2] [11:59:01]: â–¸ 	collate_errorsUITests:
[worker 2] [11:59:01]: â–¸ 		collate_errorsUITests2.testExample25()
[worker 2] [11:59:01]: â–¸ 		collate_errorsUITests2.testExample26()
[worker 2] [11:59:01]: â–¸ Test session results and logs:
[worker 2] [11:59:01]: â–¸ 	/Users/jdoshi/Documents/Jinesh/ios/code/collate_errors/fastlane/test_output/collate_errorsUITests-batch-2/collate errors.test_result
[worker 2] [11:59:01]: â–¸ ** TEST EXECUTE FAILED **
[worker 2] 2019-08-30 11:58:21.238 xcodebuild[45510:7486947]  IDETestOperationsObserverDebug: Writing diagnostic log for test session to:
[worker 2] /Users/jdoshi/Documents/Jinesh/ios/code/collate_errors/fastlane/test_output/collate_errorsUITests-batch-2/collate errors.test_result/1_Test/Diagnostics/collate_errorsUITests-100D978A-3786-4144-98C9-D6E7214F5B48/collate_errorsUITests-C16D5337-F7F1-4358-B369-8555F7347AA2/Session-collate_errorsUITests-2019-08-30_115821-SEZyUy.log
[worker 2] 2019-08-30 11:58:21.238 xcodebuild[45510:7486929] [MT] IDETestOperationsObserverDebug: (5A9F41BA-E914-4CC1-BF21-4742B15F20F0) Beginning test session collate_errorsUITests-5A9F41BA-E914-4CC1-BF21-4742B15F20F0 at 2019-08-30 11:58:21.238 with Xcode 10E1001 on target <DVTiPhoneSimulator: 0x7f96150541f0> {
[worker 2] 		SimDevice: iPhone XÊ€ Clone 2 TestCenter::Helper::MultiScanManager::SimulatorHelper<70221175503840> (07AFC86B-E4D2-4CC1-9BC8-6DF3B7F79C8B, iOS 12.2, Booted)
[worker 2] } (12.2 (16E226))
[worker 2] 2019-08-30 11:58:21.477 xcodebuild[45510:7486929] [MT] IDETestOperationsObserverDebug: (5A9F41BA-E914-4CC1-BF21-4742B15F20F0) Finished requesting crash reports. Continuing with testing.
[worker 2] Selected tests
[worker 2] Test Suite collate_errorsUITests.xctest started
[worker 2] collate_errorsUITests2
[worker 2]     âœ— testExample25, XCTAssertTrue failed
[worker 2]     âœ— testExample26, XCTAssertTrue failed
[worker 2]     âœ“ testExample27 (5.451 seconds)
[worker 2]     âœ“ testExample30 (5.524 seconds)
[worker 2]
[worker 2]
[worker 2] collate_errorsUITests.collate_errorsUITests2
[worker 2]   testExample25, XCTAssertTrue failed
[worker 2]   collate_errorsUITests2.swift:75
[worker 2]
[worker 2]   testExample26, XCTAssertTrue failed
[worker 2]   collate_errorsUITests2.swift:85
[worker 2]
[worker 2]
[worker 2] 	 Executed 4 tests, with 2 failures (0 unexpected) in 22.486 (22.491) seconds
[worker 2]
[worker 2] 2019-08-30 11:59:01.322 xcodebuild[45510:7486929] [MT] IDETestOperationsObserverDebug: 40.096 elapsed -- Testing started completed.
[worker 2] 2019-08-30 11:59:01.322 xcodebuild[45510:7486929] [MT] IDETestOperationsObserverDebug: 0.000 sec, +0.000 sec -- start
[worker 2] 2019-08-30 11:59:01.322 xcodebuild[45510:7486929] [MT] IDETestOperationsObserverDebug: 40.096 sec, +40.096 sec -- end
[worker 2]
[worker 2] Failing tests:
[worker 2] 	collate_errorsUITests:
[worker 2] 		collate_errorsUITests2.testExample25()
[worker 2] 		collate_errorsUITests2.testExample26()
[worker 2]
[worker 2] Test session results and logs:
[worker 2] 	/Users/jdoshi/Documents/Jinesh/ios/code/collate_errors/fastlane/test_output/collate_errorsUITests-batch-2/collate errors.test_result
[worker 2]
[worker 2] ** TEST EXECUTE FAILED **
[worker 2] [11:59:01]: Exit status: 65
[worker 2] +--------------------+---+
[worker 2] |      Test Results      |
[worker 2] +--------------------+---+
[worker 2] | Number of tests    | 4 |
[worker 2] | Number of failures | 2 |
[worker 2] +--------------------+---+
[worker 2]
[worker 2] [11:59:01]: The run of tests would finish with failures due to fragile tests here.
[worker 3] [11:53:07]: Starting scan #1 with 10 tests for batch #3.
[worker 3]
[worker 3] +--------------------------------------+--------------------------------------+
[worker 3] |                          Summary for scan 2.130.0                           |
[worker 3] +--------------------------------------+--------------------------------------+
[worker 3] | fail_build                           | false                                |
[worker 3] | scheme                               | collate errors                       |
[worker 3] | result_bundle                        | true                                 |
[worker 3] | output_directory                     | /Users/jdoshi/Documents/Jinesh/ios/  |
[worker 3] |                                      | code/collate_errors/fastlane/test_o  |
[worker 3] |                                      | utput/collate_errorsUITests-batch-3  |
[worker 3] | output_types                         | junit,html                           |
[worker 3] | buildlog_path                        | ./fastlane/test_output//worker-3-lo  |
[worker 3] |                                      | gs                                   |
[worker 3] | code_coverage                        | true                                 |
[worker 3] | project                              | ./collate_errors.xcodeproj           |
[worker 3] | skip_detect_devices                  | false                                |
[worker 3] | force_quit_simulator                 | false                                |
[worker 3] | reset_simulator                      | false                                |
[worker 3] | reinstall_app                        | false                                |
[worker 3] | only_testing                         | ["collate_errorsUITests/collate_err  |
[worker 3] |                                      | orsUITests3/testExample31",          |
[worker 3] |                                      | "collate_errorsUITests/collate_erro  |
[worker 3] |                                      | rsUITests3/testExample32",           |
[worker 3] |                                      | "collate_errorsUITests/collate_erro  |
[worker 3] |                                      | rsUITests3/testExample33",           |
[worker 3] |                                      | "collate_errorsUITests/collate_erro  |
[worker 3] |                                      | rsUITests3/testExample34",           |
[worker 3] |                                      | "collate_errorsUITests/collate_erro  |
[worker 3] |                                      | rsUITests3/testExample35",           |
[worker 3] |                                      | "collate_errorsUITests/collate_erro  |
[worker 3] |                                      | rsUITests3/testExample36",           |
[worker 3] |                                      | "collate_errorsUITests/collate_erro  |
[worker 3] |                                      | rsUITests3/testExample37",           |
[worker 3] |                                      | "collate_errorsUITests/collate_erro  |
[worker 3] |                                      | rsUITests3/testExample38",           |
[worker 3] |                                      | "collate_errorsUITests/collate_erro  |
[worker 3] |                                      | rsUITests3/testExample39",           |
[worker 3] |                                      | "collate_errorsUITests/collate_erro  |
[worker 3] |                                      | rsUITests3/testExample40"]           |
[worker 3] | xctestrun                            | /Users/jdoshi/Documents/Jinesh/ios/  |
[worker 3] |                                      | code/collate_errors/DerivedData/col  |
[worker 3] |                                      | late_errors/Build/Products/collate   |
[worker 3] |                                      | errors_iphonesimulator12.2-x86_64.x  |
[worker 3] |                                      | ctestrun                             |
[worker 3] | clean                                | false                                |
[worker 3] | open_report                          | false                                |
[worker 3] | output_files                         | report.junit,report.html             |
[worker 3] | include_simulator_logs               | false                                |
[worker 3] | derived_data_path                    | /var/folders/_v/385bsl711hj8mg07gcv  |
[worker 3] |                                      | 518y80000gn/T/derived_data_path2019  |
[worker 3] |                                      | 0830-44678-w6pu1u-worker-3           |
[worker 3] | should_zip_build_products            | false                                |
[worker 3] | use_clang_report_name                | false                                |
[worker 3] | disable_concurrent_testing           | true                                 |
[worker 3] | skip_build                           | false                                |
[worker 3] | xcargs                               |  -parallel-testing-enabled NO        |
[worker 3] | slack_use_webhook_configured_userna  | false                                |
[worker 3] | me_and_icon                          |                                      |
[worker 3] | slack_username                       | fastlane                             |
[worker 3] | slack_icon_url                       | https://s3-eu-west-1.amazonaws.com/  |
[worker 3] |                                      | fastlane.tools/fastlane.png          |
[worker 3] | skip_slack                           | false                                |
[worker 3] | slack_only_on_failure                | false                                |
[worker 3] | xcodebuild_command                   | env NSUnbufferedIO=YES xcodebuild    |
[worker 3] | xcode_path                           | /Applications/Xcode.app              |
[worker 3] +--------------------------------------+--------------------------------------+
[worker 3]
[worker 3] [11:53:07]: $ set -o pipefail && env NSUnbufferedIO=YES xcodebuild -destination 'platform=iOS Simulator,id=79906515-9556-424B-B93B-D5A70D16750C' -derivedDataPath '/var/folders/_v/385bsl711hj8mg07gcv518y80000gn/T/derived_data_path20190830-44678-w6pu1u-worker-3' -resultBundlePath '/Users/jdoshi/Documents/Jinesh/ios/code/collate_errors/fastlane/test_output/collate_errorsUITests-batch-3/collate errors.test_result' -disable-concurrent-testing -enableCodeCoverage YES -xctestrun '/Users/jdoshi/Documents/Jinesh/ios/code/collate_errors/DerivedData/collate_errors/Build/Products/collate errors_iphonesimulator12.2-x86_64.xctestrun'  -parallel-testing-enabled NO -only-testing:collate_errorsUITests/collate_errorsUITests3/testExample31 -only-testing:collate_errorsUITests/collate_errorsUITests3/testExample32 -only-testing:collate_errorsUITests/collate_errorsUITests3/testExample33 -only-testing:collate_errorsUITests/collate_errorsUITests3/testExample34 -only-testing:collate_errorsUITests/collate_errorsUITests3/testExample35 -only-testing:collate_errorsUITests/collate_errorsUITests3/testExample36 -only-testing:collate_errorsUITests/collate_errorsUITests3/testExample37 -only-testing:collate_errorsUITests/collate_errorsUITests3/testExample38 -only-testing:collate_errorsUITests/collate_errorsUITests3/testExample39 -only-testing:collate_errorsUITests/collate_errorsUITests3/testExample40 test-without-building | tee '/Users/jdoshi/Documents/Jinesh/ios/code/collate_errors/fastlane/test_output/worker-3-logs/collate_errors-collate errors.log' | xcpretty  --report junit --output '/Users/jdoshi/Documents/Jinesh/ios/code/collate_errors/fastlane/test_output/collate_errorsUITests-batch-3/report.junit' --report html --output '/Users/jdoshi/Documents/Jinesh/ios/code/collate_errors/fastlane/test_output/collate_errorsUITests-batch-3/report.html' --report junit --output '/var/folders/_v/385bsl711hj8mg07gcv518y80000gn/T/junit_report20190830-44959-5o7g2r'
[worker 3] [11:53:07]: â–¸ Loading...
[worker 3] [11:53:10]: â–¸ 2019-08-30 11:53:10.715 xcodebuild[44995:7475655]  IDETestOperationsObserverDebug: Writing diagnostic log for test session to:
[worker 3] [11:53:10]: â–¸ /Users/jdoshi/Documents/Jinesh/ios/code/collate_errors/fastlane/test_output/collate_errorsUITests-batch-3/collate errors.test_result/1_Test/Diagnostics/collate_errorsUITests-514834BE-98D7-490E-8720-D9DAEB18A6A8/collate_errorsUITests-08DACC26-BC2C-4CA7-9BF2-7D5B743D30A2/Session-collate_errorsUITests-2019-08-30_115310-U9mydL.log
[worker 3] [11:53:10]: â–¸ 2019-08-30 11:53:10.716 xcodebuild[44995:7475588] [MT] IDETestOperationsObserverDebug: (1E415CF3-D087-4F7A-AD08-FA937AD970CD) Beginning test session collate_errorsUITests-1E415CF3-D087-4F7A-AD08-FA937AD970CD at 2019-08-30 11:53:10.716 with Xcode 10E1001 on target <DVTiPhoneSimulator: 0x7f97b6250db0> {
[worker 3] [11:53:10]: â–¸ 		SimDevice: iPhone XÊ€ Clone 3 TestCenter::Helper::MultiScanManager::SimulatorHelper<70221175503840> (79906515-9556-424B-B93B-D5A70D16750C, iOS 12.2, Shutdown)
[worker 3] [11:53:10]: â–¸ } (12.2 (16E226))
[worker 3] [11:54:39]: â–¸ 2019-08-30 11:54:39.969 xcodebuild[44995:7475588] [MT] IDETestOperationsObserverDebug: (1E415CF3-D087-4F7A-AD08-FA937AD970CD) Finished requesting crash reports. Continuing with testing.
[worker 3] [11:54:45]: â–¸ Selected tests
[worker 3] [11:54:45]: â–¸ Test Suite collate_errorsUITests.xctest started
[worker 3] [11:54:45]: â–¸ collate_errorsUITests3
[worker 3] [11:54:56]: â–¸     âœ“ testExample31 (11.066 seconds)
[worker 3] [11:55:02]: â–¸     âœ— testExample32, XCTAssertTrue failed
[worker 3] [11:55:10]: â–¸     âœ— testExample33, XCTAssertTrue failed
[worker 3] [11:55:19]: â–¸     âœ“ testExample34 (7.044 seconds)
[worker 3] [11:55:27]: â–¸     âœ“ testExample35 (8.016 seconds)
[worker 3] [11:55:34]: â–¸     âœ“ testExample36 (7.009 seconds)
[worker 3] [11:55:42]: â–¸     âœ“ testExample37 (7.671 seconds)
[worker 3] [11:55:46]: â–¸     âœ— testExample38, XCTAssertTrue failed
[worker 3] [11:55:55]: â–¸     âœ“ testExample39 (7.846 seconds)
[worker 3] [11:56:00]: â–¸     âœ— testExample40, XCTAssertTrue failed
[worker 3] [11:56:01]: â–¸ collate_errorsUITests.collate_errorsUITests3
[worker 3] [11:56:01]: â–¸   testExample32, XCTAssertTrue failed
[worker 3] [11:56:02]: â–¸   collate_errorsUITests3.swift:45
[worker 3] [11:56:02]: â–¸   testExample33, XCTAssertTrue failed
[worker 3] [11:56:02]: â–¸   collate_errorsUITests3.swift:55
[worker 3] [11:56:02]: â–¸   testExample38, XCTAssertTrue failed
[worker 3] [11:56:02]: â–¸   collate_errorsUITests3.swift:105
[worker 3] [11:56:02]: â–¸   testExample40, XCTAssertTrue failed
[worker 3] [11:56:02]: â–¸   collate_errorsUITests3.swift:125
[worker 3] [11:56:02]: â–¸ [31m	 Executed 10 tests, with 4 failures (0 unexpected) in 76.219 (76.230) seconds
[worker 3] [11:56:02]: â–¸ [0m
[worker 3] [11:56:47]: â–¸ 2019-08-30 11:56:47.370 xcodebuild[44995:7475588] [MT] IDETestOperationsObserverDebug: 216.672 elapsed -- Testing started completed.
[worker 3] [11:56:47]: â–¸ 2019-08-30 11:56:47.371 xcodebuild[44995:7475588] [MT] IDETestOperationsObserverDebug: 0.000 sec, +0.000 sec -- start
[worker 3] [11:56:47]: â–¸ 2019-08-30 11:56:47.371 xcodebuild[44995:7475588] [MT] IDETestOperationsObserverDebug: 216.672 sec, +216.672 sec -- end
[worker 3] [11:56:48]: â–¸ Failing tests:
[worker 3] [11:56:48]: â–¸ 	collate_errorsUITests:
[worker 3] [11:56:48]: â–¸ 		collate_errorsUITests3.testExample32()
[worker 3] [11:56:48]: â–¸ 		collate_errorsUITests3.testExample33()
[worker 3] [11:56:48]: â–¸ 		collate_errorsUITests3.testExample38()
[worker 3] [11:56:48]: â–¸ 		collate_errorsUITests3.testExample40()
[worker 3] [11:56:48]: â–¸ Test session results and logs:
[worker 3] [11:56:48]: â–¸ 	/Users/jdoshi/Documents/Jinesh/ios/code/collate_errors/fastlane/test_output/collate_errorsUITests-batch-3/collate errors.test_result
[worker 3] [11:56:48]: â–¸ ** TEST EXECUTE FAILED **
[worker 3] 2019-08-30 11:53:10.715 xcodebuild[44995:7475655]  IDETestOperationsObserverDebug: Writing diagnostic log for test session to:
[worker 3] /Users/jdoshi/Documents/Jinesh/ios/code/collate_errors/fastlane/test_output/collate_errorsUITests-batch-3/collate errors.test_result/1_Test/Diagnostics/collate_errorsUITests-514834BE-98D7-490E-8720-D9DAEB18A6A8/collate_errorsUITests-08DACC26-BC2C-4CA7-9BF2-7D5B743D30A2/Session-collate_errorsUITests-2019-08-30_115310-U9mydL.log
[worker 3] 2019-08-30 11:53:10.716 xcodebuild[44995:7475588] [MT] IDETestOperationsObserverDebug: (1E415CF3-D087-4F7A-AD08-FA937AD970CD) Beginning test session collate_errorsUITests-1E415CF3-D087-4F7A-AD08-FA937AD970CD at 2019-08-30 11:53:10.716 with Xcode 10E1001 on target <DVTiPhoneSimulator: 0x7f97b6250db0> {
[worker 3] 		SimDevice: iPhone XÊ€ Clone 3 TestCenter::Helper::MultiScanManager::SimulatorHelper<70221175503840> (79906515-9556-424B-B93B-D5A70D16750C, iOS 12.2, Shutdown)
[worker 3] } (12.2 (16E226))
[worker 3] 2019-08-30 11:54:39.969 xcodebuild[44995:7475588] [MT] IDETestOperationsObserverDebug: (1E415CF3-D087-4F7A-AD08-FA937AD970CD) Finished requesting crash reports. Continuing with testing.
[worker 3] Selected tests
[worker 3] Test Suite collate_errorsUITests.xctest started
[worker 3] collate_errorsUITests3
[worker 3]     âœ“ testExample31 (11.066 seconds)
[worker 3]     âœ— testExample32, XCTAssertTrue failed
[worker 3]     âœ— testExample33, XCTAssertTrue failed
[worker 3]     âœ“ testExample34 (7.044 seconds)
[worker 3]     âœ“ testExample35 (8.016 seconds)
[worker 3]     âœ“ testExample36 (7.009 seconds)
[worker 3]     âœ“ testExample37 (7.671 seconds)
[worker 3]     âœ— testExample38, XCTAssertTrue failed
[worker 3]     âœ“ testExample39 (7.846 seconds)
[worker 3]     âœ— testExample40, XCTAssertTrue failed
[worker 3]
[worker 3]
[worker 3] collate_errorsUITests.collate_errorsUITests3
[worker 3]   testExample32, XCTAssertTrue failed
[worker 3]   collate_errorsUITests3.swift:45
[worker 3]
[worker 3]   testExample33, XCTAssertTrue failed
[worker 3]   collate_errorsUITests3.swift:55
[worker 3]
[worker 3]   testExample38, XCTAssertTrue failed
[worker 3]   collate_errorsUITests3.swift:105
[worker 3]
[worker 3]   testExample40, XCTAssertTrue failed
[worker 3]   collate_errorsUITests3.swift:125
[worker 3]
[worker 3]
[worker 3] 	 Executed 10 tests, with 4 failures (0 unexpected) in 76.219 (76.230) seconds
[worker 3]
[worker 3] 2019-08-30 11:56:47.370 xcodebuild[44995:7475588] [MT] IDETestOperationsObserverDebug: 216.672 elapsed -- Testing started completed.
[worker 3] 2019-08-30 11:56:47.371 xcodebuild[44995:7475588] [MT] IDETestOperationsObserverDebug: 0.000 sec, +0.000 sec -- start
[worker 3] 2019-08-30 11:56:47.371 xcodebuild[44995:7475588] [MT] IDETestOperationsObserverDebug: 216.672 sec, +216.672 sec -- end
[worker 3]
[worker 3] Failing tests:
[worker 3] 	collate_errorsUITests:
[worker 3] 		collate_errorsUITests3.testExample32()
[worker 3] 		collate_errorsUITests3.testExample33()
[worker 3] 		collate_errorsUITests3.testExample38()
[worker 3] 		collate_errorsUITests3.testExample40()
[worker 3]
[worker 3] Test session results and logs:
[worker 3] 	/Users/jdoshi/Documents/Jinesh/ios/code/collate_errors/fastlane/test_output/collate_errorsUITests-batch-3/collate errors.test_result
[worker 3]
[worker 3] ** TEST EXECUTE FAILED **
[worker 3] [11:56:54]: Exit status: 65
[worker 3] +--------------------+----+
[worker 3] |      Test Results       |
[worker 3] +--------------------+----+
[worker 3] | Number of tests    | 10 |
[worker 3] | Number of failures | 4  |
[worker 3] +--------------------+----+
[worker 3]
[worker 3] [11:56:54]: The run of tests would finish with failures due to fragile tests here.
[worker 3] [11:56:54]: --------------------------------------------------------------------
[worker 3] [11:56:54]: Since we are using :multi_scan, we can re-run just those failing tests!
[worker 3] [11:56:54]: --------------------------------------------------------------------
[worker 3] [11:56:55]: Starting scan #2 with 4 tests for batch #3.
[worker 3]
[worker 3] +--------------------------------------+--------------------------------------+
[worker 3] |                          Summary for scan 2.130.0                           |
[worker 3] +--------------------------------------+--------------------------------------+
[worker 3] | fail_build                           | false                                |
[worker 3] | scheme                               | collate errors                       |
[worker 3] | result_bundle                        | true                                 |
[worker 3] | output_directory                     | /Users/jdoshi/Documents/Jinesh/ios/  |
[worker 3] |                                      | code/collate_errors/fastlane/test_o  |
[worker 3] |                                      | utput/collate_errorsUITests-batch-3  |
[worker 3] | output_types                         | junit,html                           |
[worker 3] | buildlog_path                        | ./fastlane/test_output//worker-3-lo  |
[worker 3] |                                      | gs                                   |
[worker 3] | code_coverage                        | true                                 |
[worker 3] | project                              | ./collate_errors.xcodeproj           |
[worker 3] | skip_detect_devices                  | false                                |
[worker 3] | force_quit_simulator                 | false                                |
[worker 3] | reset_simulator                      | false                                |
[worker 3] | reinstall_app                        | false                                |
[worker 3] | only_testing                         | ["collate_errorsUITests/collate_err  |
[worker 3] |                                      | orsUITests3/testExample32",          |
[worker 3] |                                      | "collate_errorsUITests/collate_erro  |
[worker 3] |                                      | rsUITests3/testExample33",           |
[worker 3] |                                      | "collate_errorsUITests/collate_erro  |
[worker 3] |                                      | rsUITests3/testExample38",           |
[worker 3] |                                      | "collate_errorsUITests/collate_erro  |
[worker 3] |                                      | rsUITests3/testExample40"]           |
[worker 3] | xctestrun                            | /Users/jdoshi/Documents/Jinesh/ios/  |
[worker 3] |                                      | code/collate_errors/DerivedData/col  |
[worker 3] |                                      | late_errors/Build/Products/collate   |
[worker 3] |                                      | errors_iphonesimulator12.2-x86_64.x  |
[worker 3] |                                      | ctestrun                             |
[worker 3] | clean                                | false                                |
[worker 3] | open_report                          | false                                |
[worker 3] | output_files                         | report-2.junit,report-2.html         |
[worker 3] | include_simulator_logs               | false                                |
[worker 3] | derived_data_path                    | /var/folders/_v/385bsl711hj8mg07gcv  |
[worker 3] |                                      | 518y80000gn/T/derived_data_path2019  |
[worker 3] |                                      | 0830-44678-w6pu1u-worker-3           |
[worker 3] | should_zip_build_products            | false                                |
[worker 3] | use_clang_report_name                | false                                |
[worker 3] | disable_concurrent_testing           | true                                 |
[worker 3] | skip_build                           | false                                |
[worker 3] | xcargs                               |  -parallel-testing-enabled NO        |
[worker 3] | slack_use_webhook_configured_userna  | false                                |
[worker 3] | me_and_icon                          |                                      |
[worker 3] | slack_username                       | fastlane                             |
[worker 3] | slack_icon_url                       | https://s3-eu-west-1.amazonaws.com/  |
[worker 3] |                                      | fastlane.tools/fastlane.png          |
[worker 3] | skip_slack                           | false                                |
[worker 3] | slack_only_on_failure                | false                                |
[worker 3] | xcodebuild_command                   | env NSUnbufferedIO=YES xcodebuild    |
[worker 3] | xcode_path                           | /Applications/Xcode.app              |
[worker 3] +--------------------------------------+--------------------------------------+
[worker 3]
[worker 3] [11:56:55]: $ set -o pipefail && env NSUnbufferedIO=YES xcodebuild -destination 'platform=iOS Simulator,id=79906515-9556-424B-B93B-D5A70D16750C' -derivedDataPath '/var/folders/_v/385bsl711hj8mg07gcv518y80000gn/T/derived_data_path20190830-44678-w6pu1u-worker-3' -resultBundlePath '/Users/jdoshi/Documents/Jinesh/ios/code/collate_errors/fastlane/test_output/collate_errorsUITests-batch-3/collate errors.test_result' -disable-concurrent-testing -enableCodeCoverage YES -xctestrun '/Users/jdoshi/Documents/Jinesh/ios/code/collate_errors/DerivedData/collate_errors/Build/Products/collate errors_iphonesimulator12.2-x86_64.xctestrun'  -parallel-testing-enabled NO -only-testing:collate_errorsUITests/collate_errorsUITests3/testExample32 -only-testing:collate_errorsUITests/collate_errorsUITests3/testExample33 -only-testing:collate_errorsUITests/collate_errorsUITests3/testExample38 -only-testing:collate_errorsUITests/collate_errorsUITests3/testExample40 test-without-building | tee '/Users/jdoshi/Documents/Jinesh/ios/code/collate_errors/fastlane/test_output/worker-3-logs/collate_errors-collate errors.log' | xcpretty  --report junit --output '/Users/jdoshi/Documents/Jinesh/ios/code/collate_errors/fastlane/test_output/collate_errorsUITests-batch-3/report-2.junit' --report html --output '/Users/jdoshi/Documents/Jinesh/ios/code/collate_errors/fastlane/test_output/collate_errorsUITests-batch-3/report-2.html' --report junit --output '/var/folders/_v/385bsl711hj8mg07gcv518y80000gn/T/junit_report20190830-44959-uo9ixc'
[worker 3] [11:56:55]: â–¸ Loading...
[worker 3] [11:56:57]: â–¸ 2019-08-30 11:56:57.195 xcodebuild[45325:7483648]  IDETestOperationsObserverDebug: Writing diagnostic log for test session to:
[worker 3] [11:56:57]: â–¸ /Users/jdoshi/Documents/Jinesh/ios/code/collate_errors/fastlane/test_output/collate_errorsUITests-batch-3/collate errors.test_result/1_Test/Diagnostics/collate_errorsUITests-EB6ACAB0-9CD3-456E-B4B1-DF44F5F38134/collate_errorsUITests-799C9E33-7AD3-4B10-A568-A0927F149844/Session-collate_errorsUITests-2019-08-30_115657-20Q1Ft.log
[worker 3] [11:56:57]: â–¸ 2019-08-30 11:56:57.196 xcodebuild[45325:7483583] [MT] IDETestOperationsObserverDebug: (2F47C68B-81D0-440A-82F2-3FA17AD73143) Beginning test session collate_errorsUITests-2F47C68B-81D0-440A-82F2-3FA17AD73143 at 2019-08-30 11:56:57.196 with Xcode 10E1001 on target <DVTiPhoneSimulator: 0x7f9e16102570> {
[worker 3] [11:56:57]: â–¸ 		SimDevice: iPhone XÊ€ Clone 3 TestCenter::Helper::MultiScanManager::SimulatorHelper<70221175503840> (79906515-9556-424B-B93B-D5A70D16750C, iOS 12.2, Shutdown)
[worker 3] [11:56:57]: â–¸ } (12.2 (16E226))
[worker 3] [11:58:01]: â–¸ 2019-08-30 11:58:01.075 xcodebuild[45325:7483583] [MT] IDETestOperationsObserverDebug: (2F47C68B-81D0-440A-82F2-3FA17AD73143) Finished requesting crash reports. Continuing with testing.
[worker 3] [11:58:04]: â–¸ Selected tests
[worker 3] [11:58:04]: â–¸ Test Suite collate_errorsUITests.xctest started
[worker 3] [11:58:04]: â–¸ collate_errorsUITests3
[worker 3] [11:58:09]: â–¸     âœ— testExample32, XCTAssertTrue failed
[worker 3] [11:58:14]: â–¸     âœ— testExample33, XCTAssertTrue failed
[worker 3] [11:58:20]: â–¸     âœ— testExample38, XCTAssertTrue failed
[worker 3] [11:58:28]: â–¸     âœ“ testExample40 (6.803 seconds)
[worker 3] [11:58:28]: â–¸ collate_errorsUITests.collate_errorsUITests3
[worker 3] [11:58:28]: â–¸   testExample32, XCTAssertTrue failed
[worker 3] [11:58:28]: â–¸   collate_errorsUITests3.swift:45
[worker 3] [11:58:28]: â–¸   testExample33, XCTAssertTrue failed
[worker 3] [11:58:28]: â–¸   collate_errorsUITests3.swift:55
[worker 3] [11:58:28]: â–¸   testExample38, XCTAssertTrue failed
[worker 3] [11:58:28]: â–¸   collate_errorsUITests3.swift:105
[worker 3] [11:58:28]: â–¸ [31m	 Executed 4 tests, with 3 failures (0 unexpected) in 24.227 (24.230) seconds
[worker 3] [11:58:28]: â–¸ [0m
[worker 3] [11:59:04]: â–¸ 2019-08-30 11:59:04.123 xcodebuild[45325:7483583] [MT] IDETestOperationsObserverDebug: 126.941 elapsed -- Testing started completed.
[worker 3] [11:59:04]: â–¸ 2019-08-30 11:59:04.123 xcodebuild[45325:7483583] [MT] IDETestOperationsObserverDebug: 0.000 sec, +0.000 sec -- start
[worker 3] [11:59:04]: â–¸ 2019-08-30 11:59:04.123 xcodebuild[45325:7483583] [MT] IDETestOperationsObserverDebug: 126.941 sec, +126.941 sec -- end
[worker 3] [11:59:04]: â–¸ Failing tests:
[worker 3] [11:59:04]: â–¸ 	collate_errorsUITests:
[worker 3] [11:59:04]: â–¸ 		collate_errorsUITests3.testExample32()
[worker 3] [11:59:04]: â–¸ 		collate_errorsUITests3.testExample33()
[worker 3] [11:59:04]: â–¸ 		collate_errorsUITests3.testExample38()
[worker 3] [11:59:04]: â–¸ Test session results and logs:
[worker 3] [11:59:04]: â–¸ 	/Users/jdoshi/Documents/Jinesh/ios/code/collate_errors/fastlane/test_output/collate_errorsUITests-batch-3/collate errors.test_result
[worker 3] [11:59:04]: â–¸ ** TEST EXECUTE FAILED **
[worker 3] 2019-08-30 11:56:57.195 xcodebuild[45325:7483648]  IDETestOperationsObserverDebug: Writing diagnostic log for test session to:
[worker 3] /Users/jdoshi/Documents/Jinesh/ios/code/collate_errors/fastlane/test_output/collate_errorsUITests-batch-3/collate errors.test_result/1_Test/Diagnostics/collate_errorsUITests-EB6ACAB0-9CD3-456E-B4B1-DF44F5F38134/collate_errorsUITests-799C9E33-7AD3-4B10-A568-A0927F149844/Session-collate_errorsUITests-2019-08-30_115657-20Q1Ft.log
[worker 3] 2019-08-30 11:56:57.196 xcodebuild[45325:7483583] [MT] IDETestOperationsObserverDebug: (2F47C68B-81D0-440A-82F2-3FA17AD73143) Beginning test session collate_errorsUITests-2F47C68B-81D0-440A-82F2-3FA17AD73143 at 2019-08-30 11:56:57.196 with Xcode 10E1001 on target <DVTiPhoneSimulator: 0x7f9e16102570> {
[worker 3] 		SimDevice: iPhone XÊ€ Clone 3 TestCenter::Helper::MultiScanManager::SimulatorHelper<70221175503840> (79906515-9556-424B-B93B-D5A70D16750C, iOS 12.2, Shutdown)
[worker 3] } (12.2 (16E226))
[worker 3] 2019-08-30 11:58:01.075 xcodebuild[45325:7483583] [MT] IDETestOperationsObserverDebug: (2F47C68B-81D0-440A-82F2-3FA17AD73143) Finished requesting crash reports. Continuing with testing.
[worker 3] Selected tests
[worker 3] Test Suite collate_errorsUITests.xctest started
[worker 3] collate_errorsUITests3
[worker 3]     âœ— testExample32, XCTAssertTrue failed
[worker 3]     âœ— testExample33, XCTAssertTrue failed
[worker 3]     âœ— testExample38, XCTAssertTrue failed
[worker 3]     âœ“ testExample40 (6.803 seconds)
[worker 3]
[worker 3]
[worker 3] collate_errorsUITests.collate_errorsUITests3
[worker 3]   testExample32, XCTAssertTrue failed
[worker 3]   collate_errorsUITests3.swift:45
[worker 3]
[worker 3]   testExample33, XCTAssertTrue failed
[worker 3]   collate_errorsUITests3.swift:55
[worker 3]
[worker 3]   testExample38, XCTAssertTrue failed
[worker 3]   collate_errorsUITests3.swift:105
[worker 3]
[worker 3]
[worker 3] 	 Executed 4 tests, with 3 failures (0 unexpected) in 24.227 (24.230) seconds
[worker 3]
[worker 3] 2019-08-30 11:59:04.123 xcodebuild[45325:7483583] [MT] IDETestOperationsObserverDebug: 126.941 elapsed -- Testing started completed.
[worker 3] 2019-08-30 11:59:04.123 xcodebuild[45325:7483583] [MT] IDETestOperationsObserverDebug: 0.000 sec, +0.000 sec -- start
[worker 3] 2019-08-30 11:59:04.123 xcodebuild[45325:7483583] [MT] IDETestOperationsObserverDebug: 126.941 sec, +126.941 sec -- end
[worker 3]
[worker 3] Failing tests:
[worker 3] 	collate_errorsUITests:
[worker 3] 		collate_errorsUITests3.testExample32()
[worker 3] 		collate_errorsUITests3.testExample33()
[worker 3] 		collate_errorsUITests3.testExample38()
[worker 3]
[worker 3] Test session results and logs:
[worker 3] 	/Users/jdoshi/Documents/Jinesh/ios/code/collate_errors/fastlane/test_output/collate_errorsUITests-batch-3/collate errors.test_result
[worker 3]
[worker 3] ** TEST EXECUTE FAILED **
[worker 3] [11:59:10]: Exit status: 65
[worker 3] +--------------------+---+
[worker 3] |      Test Results      |
[worker 3] +--------------------+---+
[worker 3] | Number of tests    | 4 |
[worker 3] | Number of failures | 3 |
[worker 3] +--------------------+---+
[worker 3]
[worker 3] [11:59:10]: The run of tests would finish with failures due to fragile tests here.
[worker 3] [11:59:10]: --------------------------------------------------------------------
[worker 3] [11:59:10]: Since we are using :multi_scan, we can re-run just those failing tests!
[worker 3] [11:59:10]: --------------------------------------------------------------------
[worker 3] [11:59:11]: Starting scan #3 with 3 tests for batch #3.
[worker 3]
[worker 3] +--------------------------------------+--------------------------------------+
[worker 3] |                          Summary for scan 2.130.0                           |
[worker 3] +--------------------------------------+--------------------------------------+
[worker 3] | fail_build                           | false                                |
[worker 3] | scheme                               | collate errors                       |
[worker 3] | result_bundle                        | true                                 |
[worker 3] | output_directory                     | /Users/jdoshi/Documents/Jinesh/ios/  |
[worker 3] |                                      | code/collate_errors/fastlane/test_o  |
[worker 3] |                                      | utput/collate_errorsUITests-batch-3  |
[worker 3] | output_types                         | junit,html                           |
[worker 3] | buildlog_path                        | ./fastlane/test_output//worker-3-lo  |
[worker 3] |                                      | gs                                   |
[worker 3] | code_coverage                        | true                                 |
[worker 3] | project                              | ./collate_errors.xcodeproj           |
[worker 3] | skip_detect_devices                  | false                                |
[worker 3] | force_quit_simulator                 | false                                |
[worker 3] | reset_simulator                      | false                                |
[worker 3] | reinstall_app                        | false                                |
[worker 3] | only_testing                         | ["collate_errorsUITests/collate_err  |
[worker 3] |                                      | orsUITests3/testExample32",          |
[worker 3] |                                      | "collate_errorsUITests/collate_erro  |
[worker 3] |                                      | rsUITests3/testExample33",           |
[worker 3] |                                      | "collate_errorsUITests/collate_erro  |
[worker 3] |                                      | rsUITests3/testExample38"]           |
[worker 3] | xctestrun                            | /Users/jdoshi/Documents/Jinesh/ios/  |
[worker 3] |                                      | code/collate_errors/DerivedData/col  |
[worker 3] |                                      | late_errors/Build/Products/collate   |
[worker 3] |                                      | errors_iphonesimulator12.2-x86_64.x  |
[worker 3] |                                      | ctestrun                             |
[worker 3] | clean                                | false                                |
[worker 3] | open_report                          | false                                |
[worker 3] | output_files                         | report-3.junit,report-3.html         |
[worker 3] | include_simulator_logs               | false                                |
[worker 3] | derived_data_path                    | /var/folders/_v/385bsl711hj8mg07gcv  |
[worker 3] |                                      | 518y80000gn/T/derived_data_path2019  |
[worker 3] |                                      | 0830-44678-w6pu1u-worker-3           |
[worker 3] | should_zip_build_products            | false                                |
[worker 3] | use_clang_report_name                | false                                |
[worker 3] | disable_concurrent_testing           | true                                 |
[worker 3] | skip_build                           | false                                |
[worker 3] | xcargs                               |  -parallel-testing-enabled NO        |
[worker 3] | slack_use_webhook_configured_userna  | false                                |
[worker 3] | me_and_icon                          |                                      |
[worker 3] | slack_username                       | fastlane                             |
[worker 3] | slack_icon_url                       | https://s3-eu-west-1.amazonaws.com/  |
[worker 3] |                                      | fastlane.tools/fastlane.png          |
[worker 3] | skip_slack                           | false                                |
[worker 3] | slack_only_on_failure                | false                                |
[worker 3] | xcodebuild_command                   | env NSUnbufferedIO=YES xcodebuild    |
[worker 3] | xcode_path                           | /Applications/Xcode.app              |
[worker 3] +--------------------------------------+--------------------------------------+
[worker 3]
[worker 3] [11:59:11]: $ set -o pipefail && env NSUnbufferedIO=YES xcodebuild -destination 'platform=iOS Simulator,id=79906515-9556-424B-B93B-D5A70D16750C' -derivedDataPath '/var/folders/_v/385bsl711hj8mg07gcv518y80000gn/T/derived_data_path20190830-44678-w6pu1u-worker-3' -resultBundlePath '/Users/jdoshi/Documents/Jinesh/ios/code/collate_errors/fastlane/test_output/collate_errorsUITests-batch-3/collate errors.test_result' -disable-concurrent-testing -enableCodeCoverage YES -xctestrun '/Users/jdoshi/Documents/Jinesh/ios/code/collate_errors/DerivedData/collate_errors/Build/Products/collate errors_iphonesimulator12.2-x86_64.xctestrun'  -parallel-testing-enabled NO -only-testing:collate_errorsUITests/collate_errorsUITests3/testExample32 -only-testing:collate_errorsUITests/collate_errorsUITests3/testExample33 -only-testing:collate_errorsUITests/collate_errorsUITests3/testExample38 test-without-building | tee '/Users/jdoshi/Documents/Jinesh/ios/code/collate_errors/fastlane/test_output/worker-3-logs/collate_errors-collate errors.log' | xcpretty  --report junit --output '/Users/jdoshi/Documents/Jinesh/ios/code/collate_errors/fastlane/test_output/collate_errorsUITests-batch-3/report-3.junit' --report html --output '/Users/jdoshi/Documents/Jinesh/ios/code/collate_errors/fastlane/test_output/collate_errorsUITests-batch-3/report-3.html' --report junit --output '/var/folders/_v/385bsl711hj8mg07gcv518y80000gn/T/junit_report20190830-44959-z7w7go'
[worker 3] [11:59:11]: â–¸ Loading...
[worker 3] [11:59:12]: â–¸ 2019-08-30 11:59:12.485 xcodebuild[45586:7488779]  IDETestOperationsObserverDebug: Writing diagnostic log for test session to:
[worker 3] [11:59:12]: â–¸ /Users/jdoshi/Documents/Jinesh/ios/code/collate_errors/fastlane/test_output/collate_errorsUITests-batch-3/collate errors.test_result/1_Test/Diagnostics/collate_errorsUITests-FAEC9655-BA49-4A27-BF15-97AD1B8D1F64/collate_errorsUITests-AC01F453-112E-4660-B2BA-C1BA6EE64C8D/Session-collate_errorsUITests-2019-08-30_115912-lfY7ab.log
[worker 3] [11:59:12]: â–¸ 2019-08-30 11:59:12.485 xcodebuild[45586:7488754] [MT] IDETestOperationsObserverDebug: (88A1AFB2-9F8E-42E2-A5E8-D888F3B83905) Beginning test session collate_errorsUITests-88A1AFB2-9F8E-42E2-A5E8-D888F3B83905 at 2019-08-30 11:59:12.485 with Xcode 10E1001 on target <DVTiPhoneSimulator: 0x7fa99e405b60> {
[worker 3] [11:59:12]: â–¸ 		SimDevice: iPhone XÊ€ Clone 3 TestCenter::Helper::MultiScanManager::SimulatorHelper<70221175503840> (79906515-9556-424B-B93B-D5A70D16750C, iOS 12.2, Shutdown)
[worker 3] [11:59:12]: â–¸ } (12.2 (16E226))
[worker 3] [11:59:40]: â–¸ 2019-08-30 11:59:40.374 xcodebuild[45586:7488754] [MT] IDETestOperationsObserverDebug: (88A1AFB2-9F8E-42E2-A5E8-D888F3B83905) Finished requesting crash reports. Continuing with testing.
[worker 3] [11:59:42]: â–¸ Selected tests
[worker 3] [11:59:42]: â–¸ Test Suite collate_errorsUITests.xctest started
[worker 3] [11:59:42]: â–¸ collate_errorsUITests3
[worker 3] [11:59:49]: â–¸     âœ“ testExample32 (6.176 seconds)
[worker 3] [11:59:54]: â–¸     âœ— testExample33, XCTAssertTrue failed
[worker 3] [12:00:00]: â–¸     âœ— testExample38, XCTAssertTrue failed
[worker 3] [12:00:01]: â–¸ collate_errorsUITests.collate_errorsUITests3
[worker 3] [12:00:01]: â–¸   testExample33, XCTAssertTrue failed
[worker 3] [12:00:01]: â–¸   collate_errorsUITests3.swift:55
[worker 3] [12:00:01]: â–¸   testExample38, XCTAssertTrue failed
[worker 3] [12:00:01]: â–¸   collate_errorsUITests3.swift:105
[worker 3] [12:00:01]: â–¸ [31m	 Executed 3 tests, with 2 failures (0 unexpected) in 18.664 (18.668) seconds
[worker 3] [12:00:01]: â–¸ [0m
[worker 3] [12:00:21]: â–¸ 2019-08-30 12:00:21.271 xcodebuild[45586:7488754] [MT] IDETestOperationsObserverDebug: 68.800 elapsed -- Testing started completed.
[worker 3] [12:00:21]: â–¸ 2019-08-30 12:00:21.271 xcodebuild[45586:7488754] [MT] IDETestOperationsObserverDebug: 0.000 sec, +0.000 sec -- start
[worker 3] [12:00:21]: â–¸ 2019-08-30 12:00:21.271 xcodebuild[45586:7488754] [MT] IDETestOperationsObserverDebug: 68.800 sec, +68.800 sec -- end
[worker 3] [12:00:21]: â–¸ Failing tests:
[worker 3] [12:00:21]: â–¸ 	collate_errorsUITests:
[worker 3] [12:00:21]: â–¸ 		collate_errorsUITests3.testExample33()
[worker 3] [12:00:21]: â–¸ 		collate_errorsUITests3.testExample38()
[worker 3] [12:00:21]: â–¸ Test session results and logs:
[worker 3] [12:00:21]: â–¸ 	/Users/jdoshi/Documents/Jinesh/ios/code/collate_errors/fastlane/test_output/collate_errorsUITests-batch-3/collate errors.test_result
[worker 3] [12:00:21]: â–¸ ** TEST EXECUTE FAILED **
[worker 3] 2019-08-30 11:59:12.485 xcodebuild[45586:7488779]  IDETestOperationsObserverDebug: Writing diagnostic log for test session to:
[worker 3] /Users/jdoshi/Documents/Jinesh/ios/code/collate_errors/fastlane/test_output/collate_errorsUITests-batch-3/collate errors.test_result/1_Test/Diagnostics/collate_errorsUITests-FAEC9655-BA49-4A27-BF15-97AD1B8D1F64/collate_errorsUITests-AC01F453-112E-4660-B2BA-C1BA6EE64C8D/Session-collate_errorsUITests-2019-08-30_115912-lfY7ab.log
[worker 3] 2019-08-30 11:59:12.485 xcodebuild[45586:7488754] [MT] IDETestOperationsObserverDebug: (88A1AFB2-9F8E-42E2-A5E8-D888F3B83905) Beginning test session collate_errorsUITests-88A1AFB2-9F8E-42E2-A5E8-D888F3B83905 at 2019-08-30 11:59:12.485 with Xcode 10E1001 on target <DVTiPhoneSimulator: 0x7fa99e405b60> {
[worker 3] 		SimDevice: iPhone XÊ€ Clone 3 TestCenter::Helper::MultiScanManager::SimulatorHelper<70221175503840> (79906515-9556-424B-B93B-D5A70D16750C, iOS 12.2, Shutdown)
[worker 3] } (12.2 (16E226))
[worker 3] 2019-08-30 11:59:40.374 xcodebuild[45586:7488754] [MT] IDETestOperationsObserverDebug: (88A1AFB2-9F8E-42E2-A5E8-D888F3B83905) Finished requesting crash reports. Continuing with testing.
[worker 3] Selected tests
[worker 3] Test Suite collate_errorsUITests.xctest started
[worker 3] collate_errorsUITests3
[worker 3]     âœ“ testExample32 (6.176 seconds)
[worker 3]     âœ— testExample33, XCTAssertTrue failed
[worker 3]     âœ— testExample38, XCTAssertTrue failed
[worker 3]
[worker 3]
[worker 3] collate_errorsUITests.collate_errorsUITests3
[worker 3]   testExample33, XCTAssertTrue failed
[worker 3]   collate_errorsUITests3.swift:55
[worker 3]
[worker 3]   testExample38, XCTAssertTrue failed
[worker 3]   collate_errorsUITests3.swift:105
[worker 3]
[worker 3]
[worker 3] 	 Executed 3 tests, with 2 failures (0 unexpected) in 18.664 (18.668) seconds
[worker 3]
[worker 3] 2019-08-30 12:00:21.271 xcodebuild[45586:7488754] [MT] IDETestOperationsObserverDebug: 68.800 elapsed -- Testing started completed.
[worker 3] 2019-08-30 12:00:21.271 xcodebuild[45586:7488754] [MT] IDETestOperationsObserverDebug: 0.000 sec, +0.000 sec -- start
[worker 3] 2019-08-30 12:00:21.271 xcodebuild[45586:7488754] [MT] IDETestOperationsObserverDebug: 68.800 sec, +68.800 sec -- end
[worker 3]
[worker 3] Failing tests:
[worker 3] 	collate_errorsUITests:
[worker 3] 		collate_errorsUITests3.testExample33()
[worker 3] 		collate_errorsUITests3.testExample38()
[worker 3]
[worker 3] Test session results and logs:
[worker 3] 	/Users/jdoshi/Documents/Jinesh/ios/code/collate_errors/fastlane/test_output/collate_errorsUITests-batch-3/collate errors.test_result
[worker 3]
[worker 3] ** TEST EXECUTE FAILED **
[worker 3] [12:00:27]: Exit status: 65
[worker 3] +--------------------+---+
[worker 3] |      Test Results      |
[worker 3] +--------------------+---+
[worker 3] | Number of tests    | 3 |
[worker 3] | Number of failures | 2 |
[worker 3] +--------------------+---+
[worker 3]
[worker 3] [12:00:27]: The run of tests would finish with failures due to fragile tests here.
[12:00:31]: Finished collating test_result bundle to '/Users/jdoshi/Documents/Jinesh/ios/code/collate_errors/fastlane/test_output/collate_errorsUITests/collate errors.test_result'

+--------------------------------------------------------------+--------------------------------------------------------------+
|                                                     multi_scan results                                                      |
+--------------------------------------------------------------+--------------------------------------------------------------+
| result                                                       | false                                                        |
| total_tests                                                  | 30                                                           |
| passing_testcount                                            | 25                                                           |
| failed_testcount                                             | 5                                                            |
| failed_tests                                                 | ["collate_errorsUITests/collate_errorsUITests2/testExample2  |
|                                                              | 5",                                                          |
|                                                              | "collate_errorsUITests/collate_errorsUITests2/testExample26  |
|                                                              | ",                                                           |
|                                                              | "collate_errorsUITests/collate_errorsUITests1/testExample6"  |
|                                                              | ,                                                            |
|                                                              | "collate_errorsUITests/collate_errorsUITests3/testExample33  |
|                                                              | ",                                                           |
|                                                              | "collate_errorsUITests/collate_errorsUITests3/testExample38  |
|                                                              | "]                                                           |
| failure_details.collate_errorsUITests/collate_errorsUITests  | XCTAssertTrue failed                                         |
| 2/testExample25.message                                      |                                                              |
| failure_details.collate_errorsUITests/collate_errorsUITests  |           collate_errorsUITests2.swift:75                    |
| 2/testExample25.location                                     |                                                              |
| failure_details.collate_errorsUITests/collate_errorsUITests  | XCTAssertTrue failed                                         |
| 2/testExample26.message                                      |                                                              |
| failure_details.collate_errorsUITests/collate_errorsUITests  |           collate_errorsUITests2.swift:85                    |
| 2/testExample26.location                                     |                                                              |
| failure_details.collate_errorsUITests/collate_errorsUITests  | XCTAssertTrue failed                                         |
| 1/testExample6.message                                       |                                                              |
| failure_details.collate_errorsUITests/collate_errorsUITests  |           collate_errorsUITests1.swift:85                    |
| 1/testExample6.location                                      |                                                              |
| failure_details.collate_errorsUITests/collate_errorsUITests  | XCTAssertTrue failed                                         |
| 3/testExample33.message                                      |                                                              |
| failure_details.collate_errorsUITests/collate_errorsUITests  |           collate_errorsUITests3.swift:55                    |
| 3/testExample33.location                                     |                                                              |
| failure_details.collate_errorsUITests/collate_errorsUITests  | XCTAssertTrue failed                                         |
| 3/testExample38.message                                      |                                                              |
| failure_details.collate_errorsUITests/collate_errorsUITests  |           collate_errorsUITests3.swift:105                   |
| 3/testExample38.location                                     |                                                              |
| report_files                                                 | ["/Users/jdoshi/Documents/Jinesh/ios/code/collate_errors/fa  |
|                                                              | stlane/test_output/report.junit",                            |
|                                                              | "/Users/jdoshi/Documents/Jinesh/ios/code/collate_errors/fas  |
|                                                              | tlane/test_output/report.html",                              |
|                                                              | "/Users/jdoshi/Documents/Jinesh/ios/code/collate_errors/fas  |
|                                                              | tlane/test_output/collate errors.test_result"]               |
+--------------------------------------------------------------+--------------------------------------------------------------+

[12:00:32]: There are 5 legitimate failing tests

+------+----------------------+-------------+
|             fastlane summary              |
+------+----------------------+-------------+
| Step | Action               | Time (in s) |
+------+----------------------+-------------+
| 1    | default_platform     | 0           |
| 2    | rm -rf ./test_output | 0           |
| 3    | multi_scan           | 483         |
+------+----------------------+-------------+

[12:00:32]: fastlane.tools just saved you 8 minutes! ðŸŽ‰
[12:00:32]: Deleting iPhone XÊ€ Clone 1 TestCenter::Helper::MultiScanManager::SimulatorHelper<70221175503840>
[12:00:39]: Deleting iPhone XÊ€ Clone 2 TestCenter::Helper::MultiScanManager::SimulatorHelper<70221175503840>
[12:00:46]: Deleting iPhone XÊ€ Clone 3 TestCenter::Helper::MultiScanManager::SimulatorHelper<70221175503840>